#
# A fatal error has been detected by the Java Runtime Environment:
#
#  EXCEPTION_ACCESS_VIOLATION (0xc0000005) at pc=0x00007ffe75f71c01, pid=10956, tid=21264
#
# JRE version: OpenJDK Runtime Environment JBR-21.0.5+8-631.16-nomod (21.0.5+8) (build 21.0.5+8-b631.16)
# Java VM: OpenJDK 64-Bit Server VM JBR-21.0.5+8-631.16-nomod (21.0.5+8-b631.16, mixed mode, tiered, compressed oops, compressed class ptrs, g1 gc, windows-amd64)
# Problematic frame:
# C  [awt.dll+0xe1c01]
#
# No core dump will be written. Minidumps are not enabled by default on client versions of Windows
#
# If you would like to submit a bug report, please visit:
#   https://youtrack.jetbrains.com/issues/JBR
# The crash happened outside the Java Virtual Machine in native code.
# See problematic frame for where to report the bug.
#

---------------  S U M M A R Y ------------

Command Line: -Djpackage.app-version=1.12.8 -XX:-IgnoreUnrecognizedVMOptions -XX:MaxRAM=20g -XX:MaxRAMPercentage=15.0 -Djava.security.manager=allow -Dorg.freeplane.userfpdir=%APPDATA%\Freeplane --add-exports=java.desktop/sun.awt=ALL-UNNAMED --add-exports=java.desktop/sun.awt.shell=ALL-UNNAMED --add-exports=java.desktop/com.sun.java.swing.plaf.windows=ALL-UNNAMED --add-exports=java.desktop/sun.swing=ALL-UNNAMED --add-opens=java.desktop/javax.swing.text.html=ALL-UNNAMED -Djpackage.app-path=C:\Program Files\Freeplane\freeplane.exe org.freeplane.launcher.Launcher

Host: Intel(R) Core(TM) i7-4770 CPU @ 3.40GHz, 8 cores, 31G,  Windows 11 , 64 bit Build 22621 (10.0.22621.4974)
Time: Thu Mar 20 17:06:06 2025 SA Western Standard Time elapsed time: 893.730761 seconds (0d 0h 14m 53s)

---------------  T H R E A D  ---------------

Current thread (0x0000019445985340):  JavaThread "AWT-Windows" daemon [_thread_in_native, id=21264, stack(0x000000918f200000,0x000000918f300000) (1024K)]

Stack: [0x000000918f200000,0x000000918f300000],  sp=0x000000918f2feb50,  free space=1018k
Native frames: (J=compiled Java code, j=interpreted, Vv=VM code, C=native code)
C  [awt.dll+0xe1c01]

Java frames: (J=compiled Java code, j=interpreted, Vv=VM code)
j  sun.awt.windows.WToolkit.eventLoop()V+0 java.desktop@21.0.5
j  sun.awt.windows.WToolkit.run()V+50 java.desktop@21.0.5
j  java.lang.Thread.runWith(Ljava/lang/Object;Ljava/lang/Runnable;)V+5 java.base@21.0.5
j  java.lang.Thread.run()V+19 java.base@21.0.5
v  ~StubRoutines::call_stub 0x00000194328c100d

siginfo: EXCEPTION_ACCESS_VIOLATION (0xc0000005), reading address 0x0000000000000008


Registers:
RAX=0x0000000000000000, RBX=0x00000194535c6370, RCX=0x0000000000000000, RDX=0x0000000000000000
RSP=0x000000918f2feb50, RBP=0x000000918f2fec59, RSI=0x000000000b0107b7, RDI=0x0000000000000002
R8 =0x0000000000000001, R9 =0x000000918f2fec59, R10=0x0000000000000000, R11=0x0000000000000246
R12=0x0000000000000000, R13=0x0000000000000310, R14=0x0000000000000000, R15=0x0000000000000000
RIP=0x00007ffe75f71c01, EFLAGS=0x0000000000010246


Register to memory mapping:

RAX=0x0 is null
RBX=0x00000194535c6370 points into unknown readable memory: 0x0000019451d80340 | 40 03 d8 51 94 01 00 00
RCX=0x0 is null
RDX=0x0 is null
RSP=0x000000918f2feb50 is pointing into the stack for thread: 0x0000019445985340
RBP=0x000000918f2fec59 is pointing into the stack for thread: 0x0000019445985340
RSI=0x000000000b0107b7 is an unknown value
RDI=0x0000000000000002 is an unknown value
R8 =0x0000000000000001 is an unknown value
R9 =0x000000918f2fec59 is pointing into the stack for thread: 0x0000019445985340
R10=0x0 is null
R11=0x0000000000000246 is an unknown value
R12=0x0 is null
R13=0x0000000000000310 is an unknown value
R14=0x0 is null
R15=0x0 is null

Top of Stack: (sp=0x000000918f2feb50)
0x000000918f2feb50:   00007ffe75fd7838 000000000b0107b7
0x000000918f2feb60:   00007938851b2730 00007ffe75f29c00
0x000000918f2feb70:   0000000000000002 00007ffe75f2956c
0x000000918f2feb80:   000000000b0107b7 00000194509ec310
0x000000918f2feb90:   00000194535c6370 00000194509ec310
0x000000918f2feba0:   00000194509ec310 00007ffe75f29616
0x000000918f2febb0:   00007ffe75e90000 0000000000000000
0x000000918f2febc0:   000000000000c2cb 00007ffe875b8af3
0x000000918f2febd0:   00000194509ec310 00007ffe75f26766
0x000000918f2febe0:   0000000000000000 0000000000000000
0x000000918f2febf0:   0000000000000001 00007ffe875b6b27
0x000000918f2fec00:   000000918f2fecc0 000000000000000f
0x000000918f2fec10:   00007ffe75f29c00 0000000000000000
0x000000918f2fec20:   0000000000000000 00007ffe875b8af3
0x000000918f2fec30:   0000000000000000 000000918f2fecc0
0x000000918f2fec40:   000000918f2fecc4 000000918f2fecc8
0x000000918f2fec50:   00000194459856f8 00000194509ec3b0
0x000000918f2fec60:   000000000000c2cb 00007ffe69f17e55
0x000000918f2fec70:   00007938851b2680 0000000000060844
0x000000918f2fec80:   0000000000000000 00000194509ec310
0x000000918f2fec90:   0000000000000000 0000000000000310
0x000000918f2feca0:   0000000000000000 0000000000000000
0x000000918f2fecb0:   00000194509ec310 00007ffe75f773db
0x000000918f2fecc0:   0000000200000002 0000000000000000
0x000000918f2fecd0:   0000ef14df426910 0000a68acf5f80f0
0x000000918f2fece0:   0000000000000022 0000000000060844
0x000000918f2fecf0:   0000000000000000 0000000000000000
0x000000918f2fed00:   0000000000000000 00007ffe857d9116
0x000000918f2fed10:   0000000080000022 00007ffe875b8af3
0x000000918f2fed20:   ffffffffffffffeb 00007ffe857db619
0x000000918f2fed30:   0000000000000000 00007938851b21a0
0x000000918f2fed40:   0000000080000022 0000000000000000 

Instructions: (pc=0x00007ffe75f71c01)
0x00007ffe75f71b01:   83 ec 28 66 0f 6e c2 0f 5b c0 f3 0f 59 41 48 0f
0x00007ffe75f71b11:   5a c8 f2 0f 10 05 e5 9b 03 00 f2 0f 5c 0d 15 81
0x00007ffe75f71b21:   01 00 66 0f 2f c1 76 0a b8 00 00 00 80 48 83 c4
0x00007ffe75f71b31:   28 c3 66 0f 2f 0d d5 cf 02 00 76 0a b8 ff ff ff
0x00007ffe75f71b41:   7f 48 83 c4 28 c3 0f 28 c1 e8 35 43 01 00 f2 0f
0x00007ffe75f71b51:   2c c0 48 83 c4 28 c3 cc cc cc cc cc cc cc cc 48
0x00007ffe75f71b61:   83 ec 28 66 0f 6e c2 0f 5b c0 f3 0f 59 41 4c 0f
0x00007ffe75f71b71:   5a c8 f2 0f 10 05 85 9b 03 00 f2 0f 5c 0d b5 80
0x00007ffe75f71b81:   01 00 66 0f 2f c1 76 0a b8 00 00 00 80 48 83 c4
0x00007ffe75f71b91:   28 c3 66 0f 2f 0d 75 cf 02 00 76 0a b8 ff ff ff
0x00007ffe75f71ba1:   7f 48 83 c4 28 c3 0f 28 c1 e8 d5 42 01 00 f2 0f
0x00007ffe75f71bb1:   2c c0 48 83 c4 28 c3 cc cc cc cc cc cc cc cc 48
0x00007ffe75f71bc1:   8b 49 08 48 85 c9 0f 85 23 7c fe ff 33 c0 c3 48
0x00007ffe75f71bd1:   89 5c 24 08 48 89 74 24 10 57 48 83 ec 20 8b fa
0x00007ffe75f71be1:   48 8b f1 e8 97 66 f4 ff 48 8b d8 48 89 44 24 40
0x00007ffe75f71bf1:   41 b8 01 00 00 00 8b d7 48 8b c8 e8 ff 65 f4 ff
0x00007ffe75f71c01:   48 8b 48 08 48 85 c9 74 0d 48 8b d6 e8 de 7b fe
0x00007ffe75f71c11:   ff 48 8b f8 eb 02 33 ff 48 8b cb e8 1f 68 f4 ff
0x00007ffe75f71c21:   90 48 8b c7 48 8b 5c 24 30 48 8b 74 24 38 48 83
0x00007ffe75f71c31:   c4 20 5f c3 cc cc cc cc cc cc cc cc cc cc cc 48
0x00007ffe75f71c41:   8b 01 89 10 c3 cc cc cc cc cc cc cc cc cc cc 40
0x00007ffe75f71c51:   57 48 83 ec 40 48 83 79 38 00 48 8b f9 0f 84 96
0x00007ffe75f71c61:   01 00 00 48 8b 0d 4d 26 07 00 ba 02 00 01 00 48
0x00007ffe75f71c71:   89 5c 24 58 48 89 74 24 68 e8 29 2a 01 00 4c 8b
0x00007ffe75f71c81:   05 92 2b 07 00 48 8b c8 48 8b 57 38 48 8b d8 4c
0x00007ffe75f71c91:   8b 08 41 ff 91 f8 02 00 00 48 8b f0 48 85 c0 0f
0x00007ffe75f71ca1:   84 4a 01 00 00 4c 8b 0b 48 8b d0 4c 8b 05 55 2b
0x00007ffe75f71cb1:   07 00 48 8b cb 41 ff 91 00 01 00 00 84 c0 0f 84
0x00007ffe75f71cc1:   2b 01 00 00 48 8b 7f 08 48 8b d6 48 8b 03 48 8b
0x00007ffe75f71cd1:   cb 4c 8b 05 47 2b 07 00 48 81 c7 00 04 00 00 48
0x00007ffe75f71ce1:   89 6c 24 60 4c 89 64 24 38 ff 90 f8 02 00 00 4c
0x00007ffe75f71cf1:   8b 0b 48 8b d6 4c 8b 05 2b 2b 07 00 48 8b cb 4c 


Stack slot to memory mapping:

stack at sp + 0 slots: 0x00007ffe75fd7838 awt.dll
stack at sp + 1 slots: 0x000000000b0107b7 is an unknown value
stack at sp + 2 slots: 0x00007938851b2730 is an unknown value
stack at sp + 3 slots: 0x00007ffe75f29c00 awt.dll
stack at sp + 4 slots: 0x0000000000000002 is an unknown value
stack at sp + 5 slots: 0x00007ffe75f2956c awt.dll
stack at sp + 6 slots: 0x000000000b0107b7 is an unknown value
stack at sp + 7 slots: 0x00000194509ec310 points into unknown readable memory: 0x00007ffe75fa7240 | 40 72 fa 75 fe 7f 00 00


---------------  P R O C E S S  ---------------

Threads class SMR info:
_java_thread_list=0x0000019454195730, length=58, elements={
0x00000194450b63a0, 0x00000194450b6ff0, 0x00000194450a9190, 0x00000194450abbf0,
0x00000194450ac770, 0x00000194450ad1c0, 0x00000194450dc270, 0x00000194450de120,
0x000001944527cd80, 0x000001944527d3e0, 0x0000019445a18060, 0x0000019445c75c50,
0x0000019445885430, 0x0000019445e974f0, 0x0000019445985340, 0x0000019445dfa160,
0x000001944624a290, 0x000001944624afb0, 0x0000019446248ee0, 0x0000019446249570,
0x0000019446248850, 0x00000194545d7590, 0x00000194545dd800, 0x00000194545db730,
0x00000194545d8fd0, 0x00000194545d7c20, 0x00000194545dcae0, 0x00000194545dc450,
0x00000194545dd170, 0x00000194545dde90, 0x00000194545de520, 0x000001944624b640,
0x0000019454ee4940, 0x0000019454ee9170, 0x0000019454ee7dc0, 0x0000019454ee9800,
0x0000019453ba0960, 0x0000019453ba0ff0, 0x0000019453ba1680, 0x0000019453ba1d10,
0x0000019453ba2a30, 0x0000019454ee5cf0, 0x0000019454ee2870, 0x0000019454ee42b0,
0x0000019454ee9e90, 0x0000019454ee8ae0, 0x0000019454ee2f00, 0x0000019454ee4fd0,
0x00000194545d82b0, 0x0000019456d44050, 0x0000019456d446e0, 0x0000019456d467b0,
0x0000019456d42ca0, 0x0000019456d45400, 0x0000019456d47b60, 0x0000019456d481f0,
0x0000019454ee5660, 0x0000019454ee70a0
}

Java Threads: ( => current thread )
  0x00000194450b63a0 JavaThread "Reference Handler"          daemon [_thread_blocked, id=21184, stack(0x000000918db00000,0x000000918dc00000) (1024K)]
  0x00000194450b6ff0 JavaThread "Finalizer"                  daemon [_thread_blocked, id=21480, stack(0x000000918dc00000,0x000000918dd00000) (1024K)]
  0x00000194450a9190 JavaThread "Signal Dispatcher"          daemon [_thread_blocked, id=14484, stack(0x000000918dd00000,0x000000918de00000) (1024K)]
  0x00000194450abbf0 JavaThread "Attach Listener"            daemon [_thread_blocked, id=20656, stack(0x000000918de00000,0x000000918df00000) (1024K)]
  0x00000194450ac770 JavaThread "Service Thread"             daemon [_thread_blocked, id=20660, stack(0x000000918df00000,0x000000918e000000) (1024K)]
  0x00000194450ad1c0 JavaThread "Monitor Deflation Thread"   daemon [_thread_blocked, id=18620, stack(0x000000918e000000,0x000000918e100000) (1024K)]
  0x00000194450dc270 JavaThread "C2 CompilerThread0"         daemon [_thread_blocked, id=20664, stack(0x000000918e100000,0x000000918e200000) (1024K)]
  0x00000194450de120 JavaThread "C1 CompilerThread0"         daemon [_thread_blocked, id=20196, stack(0x000000918e200000,0x000000918e300000) (1024K)]
  0x000001944527cd80 JavaThread "Common-Cleaner"             daemon [_thread_blocked, id=21236, stack(0x000000918e300000,0x000000918e400000) (1024K)]
  0x000001944527d3e0 JavaThread "Notification Thread"        daemon [_thread_blocked, id=21232, stack(0x000000918e400000,0x000000918e500000) (1024K)]
  0x0000019445a18060 JavaThread "startlevel job"                    [_thread_blocked, id=11876, stack(0x000000918e600000,0x000000918e700000) (1024K)]
  0x0000019445c75c50 JavaThread "Thread-1"                   daemon [_thread_in_native, id=3768, stack(0x000000918e800000,0x000000918e900000) (1024K)]
  0x0000019445885430 JavaThread "Java2D Disposer"            daemon [_thread_blocked, id=21344, stack(0x000000918f000000,0x000000918f100000) (1024K)]
  0x0000019445e974f0 JavaThread "AWT-Shutdown"                      [_thread_blocked, id=21188, stack(0x000000918f100000,0x000000918f200000) (1024K)]
=>0x0000019445985340 JavaThread "AWT-Windows"                daemon [_thread_in_native, id=21264, stack(0x000000918f200000,0x000000918f300000) (1024K)]
  0x0000019445dfa160 JavaThread "AWT-EventQueue-0"                  [_thread_in_native, id=19156, stack(0x000000918f300000,0x000000918f400000) (1024K)]
  0x000001944624a290 JavaThread "Image Animator 3"           daemon [_thread_blocked, id=20756, stack(0x000000918f700000,0x000000918f800000) (1024K)]
  0x000001944624afb0 JavaThread "DestroyJavaVM"                     [_thread_blocked, id=15456, stack(0x000000918d300000,0x000000918d400000) (1024K)]
  0x0000019446248ee0 JavaThread "TimerQueue"                 daemon [_thread_blocked, id=20012, stack(0x000000918e500000,0x000000918e600000) (1024K)]
  0x0000019446249570 JavaThread "Thread-4"                   daemon [_thread_blocked, id=1704, stack(0x000000918fa00000,0x000000918fb00000) (1024K)]
  0x0000019446248850 JavaThread "Thread-5"                   daemon [_thread_blocked, id=17388, stack(0x000000918fb00000,0x000000918fc00000) (1024K)]
  0x00000194545d7590 JavaThread "D3D Screen Updater"         daemon [_thread_blocked, id=16636, stack(0x000000918ff00000,0x0000009190000000) (1024K)]
  0x00000194545dd800 JavaThread "Image Animator 3"           daemon [_thread_blocked, id=20228, stack(0x0000009190000000,0x0000009190100000) (1024K)]
  0x00000194545db730 JavaThread "Image Animator 3"           daemon [_thread_blocked, id=15484, stack(0x0000009190200000,0x0000009190300000) (1024K)]
  0x00000194545d8fd0 JavaThread "Image Animator 3"           daemon [_thread_blocked, id=20616, stack(0x0000009190300000,0x0000009190400000) (1024K)]
  0x00000194545d7c20 JavaThread "Image Animator 2"           daemon [_thread_blocked, id=12564, stack(0x0000009190400000,0x0000009190500000) (1024K)]
  0x00000194545dcae0 JavaThread "Image Animator 2"           daemon [_thread_blocked, id=4680, stack(0x0000009190500000,0x0000009190600000) (1024K)]
  0x00000194545dc450 JavaThread "Image Animator 3"           daemon [_thread_blocked, id=16188, stack(0x0000009190800000,0x0000009190900000) (1024K)]
  0x00000194545dd170 JavaThread "Image Animator 3"           daemon [_thread_blocked, id=16436, stack(0x0000009190900000,0x0000009190a00000) (1024K)]
  0x00000194545dde90 JavaThread "Image Animator 3"           daemon [_thread_blocked, id=1312, stack(0x0000009190a00000,0x0000009190b00000) (1024K)]
  0x00000194545de520 JavaThread "Image Animator 3"           daemon [_thread_blocked, id=11524, stack(0x0000009190b00000,0x0000009190c00000) (1024K)]
  0x000001944624b640 JavaThread "Image Animator 3"           daemon [_thread_blocked, id=19664, stack(0x0000009190c00000,0x0000009190d00000) (1024K)]
  0x0000019454ee4940 JavaThread "Image Animator 3"           daemon [_thread_blocked, id=15100, stack(0x0000009191100000,0x0000009191200000) (1024K)]
  0x0000019454ee9170 JavaThread "Image Animator 3"           daemon [_thread_blocked, id=3680, stack(0x000000918e700000,0x000000918e800000) (1024K)]
  0x0000019454ee7dc0 JavaThread "Image Animator 3"           daemon [_thread_blocked, id=8820, stack(0x0000009191300000,0x0000009191400000) (1024K)]
  0x0000019454ee9800 JavaThread "Image Animator 3"           daemon [_thread_blocked, id=14384, stack(0x0000009191400000,0x0000009191500000) (1024K)]
  0x0000019453ba0960 JavaThread "Image Animator 2"           daemon [_thread_blocked, id=14604, stack(0x0000009191900000,0x0000009191a00000) (1024K)]
  0x0000019453ba0ff0 JavaThread "Image Animator 3"           daemon [_thread_blocked, id=19512, stack(0x0000009191a00000,0x0000009191b00000) (1024K)]
  0x0000019453ba1680 JavaThread "Image Animator 3"           daemon [_thread_blocked, id=18684, stack(0x0000009191b00000,0x0000009191c00000) (1024K)]
  0x0000019453ba1d10 JavaThread "Image Animator 0"           daemon [_thread_blocked, id=1344, stack(0x0000009191c00000,0x0000009191d00000) (1024K)]
  0x0000019453ba2a30 JavaThread "Image Animator 3"           daemon [_thread_blocked, id=19472, stack(0x0000009191d00000,0x0000009191e00000) (1024K)]
  0x0000019454ee5cf0 JavaThread "Image Animator 3"           daemon [_thread_blocked, id=11984, stack(0x0000009191e00000,0x0000009191f00000) (1024K)]
  0x0000019454ee2870 JavaThread "Image Animator 3"           daemon [_thread_blocked, id=12432, stack(0x0000009191f00000,0x0000009192000000) (1024K)]
  0x0000019454ee42b0 JavaThread "Image Animator 3"           daemon [_thread_blocked, id=8812, stack(0x0000009192000000,0x0000009192100000) (1024K)]
  0x0000019454ee9e90 JavaThread "Image Animator 3"           daemon [_thread_blocked, id=21192, stack(0x0000009192100000,0x0000009192200000) (1024K)]
  0x0000019454ee8ae0 JavaThread "Image Animator 3"           daemon [_thread_blocked, id=20724, stack(0x0000009192300000,0x0000009192400000) (1024K)]
  0x0000019454ee2f00 JavaThread "Image Animator 3"           daemon [_thread_blocked, id=18524, stack(0x0000009192400000,0x0000009192500000) (1024K)]
  0x0000019454ee4fd0 JavaThread "Image Animator 3"           daemon [_thread_blocked, id=11512, stack(0x0000009192500000,0x0000009192600000) (1024K)]
  0x00000194545d82b0 JavaThread "Image Animator 3"           daemon [_thread_blocked, id=18624, stack(0x0000009192600000,0x0000009192700000) (1024K)]
  0x0000019456d44050 JavaThread "Image Animator 3"           daemon [_thread_blocked, id=11576, stack(0x0000009192700000,0x0000009192800000) (1024K)]
  0x0000019456d446e0 JavaThread "Image Animator 3"           daemon [_thread_blocked, id=12420, stack(0x0000009192800000,0x0000009192900000) (1024K)]
  0x0000019456d467b0 JavaThread "Image Animator 3"           daemon [_thread_blocked, id=20976, stack(0x0000009192900000,0x0000009192a00000) (1024K)]
  0x0000019456d42ca0 JavaThread "Image Animator 3"           daemon [_thread_blocked, id=2712, stack(0x0000009192a00000,0x0000009192b00000) (1024K)]
  0x0000019456d45400 JavaThread "Image Animator 3"           daemon [_thread_blocked, id=9328, stack(0x0000009191000000,0x0000009191100000) (1024K)]
  0x0000019456d47b60 JavaThread "Image Animator 3"           daemon [_thread_blocked, id=6540, stack(0x0000009190600000,0x0000009190700000) (1024K)]
  0x0000019456d481f0 JavaThread "Image Animator 3"           daemon [_thread_blocked, id=6992, stack(0x0000009191500000,0x0000009191600000) (1024K)]
  0x0000019454ee5660 JavaThread "pool-1-thread-1"                   [_thread_blocked, id=9488, stack(0x0000009192b00000,0x0000009192c00000) (1024K)]
  0x0000019454ee70a0 JavaThread "Batik CleanerThread"        daemon [_thread_blocked, id=12468, stack(0x0000009192c00000,0x0000009192d00000) (1024K)]
Total: 58

Other Threads:
  0x0000019440d3ebc0 VMThread "VM Thread"                           [id=20700, stack(0x000000918da00000,0x000000918db00000) (1024K)]
  0x0000019440d02530 WatcherThread "VM Periodic Task Thread"        [id=3480, stack(0x000000918d900000,0x000000918da00000) (1024K)]
  0x0000019423bc9c10 WorkerThread "GC Thread#0"                     [id=6816, stack(0x000000918d400000,0x000000918d500000) (1024K)]
  0x0000019445176fd0 WorkerThread "GC Thread#1"                     [id=20532, stack(0x000000918e900000,0x000000918ea00000) (1024K)]
  0x00000194453fe290 WorkerThread "GC Thread#2"                     [id=20680, stack(0x000000918ea00000,0x000000918eb00000) (1024K)]
  0x00000194453fe630 WorkerThread "GC Thread#3"                     [id=3632, stack(0x000000918eb00000,0x000000918ec00000) (1024K)]
  0x0000019445cdd3f0 WorkerThread "GC Thread#4"                     [id=19844, stack(0x000000918ec00000,0x000000918ed00000) (1024K)]
  0x0000019445cdf7a0 WorkerThread "GC Thread#5"                     [id=3744, stack(0x000000918ed00000,0x000000918ee00000) (1024K)]
  0x0000019445cbe810 WorkerThread "GC Thread#6"                     [id=21268, stack(0x000000918ee00000,0x000000918ef00000) (1024K)]
  0x000001944623e130 WorkerThread "GC Thread#7"                     [id=14636, stack(0x000000918ef00000,0x000000918f000000) (1024K)]
  0x0000019423bd7910 ConcurrentGCThread "G1 Main Marker"            [id=12428, stack(0x000000918d500000,0x000000918d600000) (1024K)]
  0x0000019423bd8c20 WorkerThread "G1 Conc#0"                       [id=13128, stack(0x000000918d600000,0x000000918d700000) (1024K)]
  0x000001944623f350 WorkerThread "G1 Conc#1"                       [id=7516, stack(0x000000918f600000,0x000000918f700000) (1024K)]
  0x0000019423c0eb50 ConcurrentGCThread "G1 Refine#0"               [id=18528, stack(0x000000918d700000,0x000000918d800000) (1024K)]
  0x0000019440bd09c0 ConcurrentGCThread "G1 Service"                [id=20292, stack(0x000000918d800000,0x000000918d900000) (1024K)]
Total: 15

Threads with active compile tasks:
Total: 0

VM state: not at safepoint (normal execution)

VM Mutex/Monitor currently owned by a thread: None

Heap address: 0x0000000740000000, size: 3072 MB, Compressed Oops mode: Zero based, Oop shift amount: 3

CDS archive(s) not mapped
Compressed class space mapped at: 0x0000000800000000-0x0000000840000000, reserved size: 1073741824
Narrow klass base: 0x0000000800000000, Narrow klass shift: 0, Narrow klass range: 0x40000000

GC Precious Log:
 CardTable entry size: 512
 Card Set container configuration: InlinePtr #cards 4 size 8 Array Of Cards #cards 16 size 48 Howl #buckets 8 coarsen threshold 3686 Howl Bitmap #cards 512 size 80 coarsen threshold 460 Card regions per heap region 1 cards per card region 4096
 CPUs: 8 total, 8 available
 Memory: 32707M
 Large Page Support: Disabled
 NUMA Support: Disabled
 Compressed Oops: Enabled (Zero based)
 Heap Region Size: 2M
 Heap Min Capacity: 8M
 Heap Initial Capacity: 320M
 Heap Max Capacity: 3G
 Pre-touch: Disabled
 Parallel Workers: 8
 Concurrent Workers: 2
 Concurrent Refinement Workers: 8
 Periodic GC: Disabled

Heap:
 garbage-first heap   total 440320K, used 408040K [0x0000000740000000, 0x0000000800000000)
  region size 2048K, 68 young (139264K), 1 survivors (2048K)
 Metaspace       used 66066K, committed 66624K, reserved 1114112K
  class space    used 7850K, committed 8128K, reserved 1048576K

Heap Regions: E=young(eden), S=young(survivor), O=old, HS=humongous(starts), HC=humongous(continues), CS=collection set, F=free, TAMS=top-at-mark-start, PB=parsable bottom
|   0|0x0000000740000000, 0x0000000740200000, 0x0000000740200000|100%| O|  |TAMS 0x0000000740000000| PB 0x0000000740000000| Untracked 
|   1|0x0000000740200000, 0x0000000740400000, 0x0000000740400000|100%| O|  |TAMS 0x0000000740200000| PB 0x0000000740200000| Untracked 
|   2|0x0000000740400000, 0x0000000740600000, 0x0000000740600000|100%| O|  |TAMS 0x0000000740400000| PB 0x0000000740400000| Untracked 
|   3|0x0000000740600000, 0x0000000740800000, 0x0000000740800000|100%| O|  |TAMS 0x0000000740600000| PB 0x0000000740600000| Untracked 
|   4|0x0000000740800000, 0x0000000740a00000, 0x0000000740a00000|100%| O|  |TAMS 0x0000000740800000| PB 0x0000000740800000| Untracked 
|   5|0x0000000740a00000, 0x0000000740c00000, 0x0000000740c00000|100%| O|  |TAMS 0x0000000740a00000| PB 0x0000000740a00000| Untracked 
|   6|0x0000000740c00000, 0x0000000740e00000, 0x0000000740e00000|100%| O|  |TAMS 0x0000000740c00000| PB 0x0000000740c00000| Untracked 
|   7|0x0000000740e00000, 0x0000000741000000, 0x0000000741000000|100%| O|  |TAMS 0x0000000740e00000| PB 0x0000000740e00000| Untracked 
|   8|0x0000000741000000, 0x0000000741200000, 0x0000000741200000|100%| O|  |TAMS 0x0000000741000000| PB 0x0000000741000000| Untracked 
|   9|0x0000000741200000, 0x0000000741400000, 0x0000000741400000|100%| O|  |TAMS 0x0000000741200000| PB 0x0000000741200000| Untracked 
|  10|0x0000000741400000, 0x0000000741600000, 0x0000000741600000|100%| O|  |TAMS 0x0000000741400000| PB 0x0000000741400000| Untracked 
|  11|0x0000000741600000, 0x0000000741800000, 0x0000000741800000|100%|HS|  |TAMS 0x0000000741600000| PB 0x0000000741600000| Complete 
|  12|0x0000000741800000, 0x0000000741a00000, 0x0000000741a00000|100%|HC|  |TAMS 0x0000000741800000| PB 0x0000000741800000| Complete 
|  13|0x0000000741a00000, 0x0000000741c00000, 0x0000000741c00000|100%| O|  |TAMS 0x0000000741a00000| PB 0x0000000741a00000| Untracked 
|  14|0x0000000741c00000, 0x0000000741e00000, 0x0000000741e00000|100%|HS|  |TAMS 0x0000000741c00000| PB 0x0000000741c00000| Complete 
|  15|0x0000000741e00000, 0x0000000742000000, 0x0000000742000000|100%|HC|  |TAMS 0x0000000741e00000| PB 0x0000000741e00000| Complete 
|  16|0x0000000742000000, 0x0000000742200000, 0x0000000742200000|100%|HS|  |TAMS 0x0000000742000000| PB 0x0000000742000000| Complete 
|  17|0x0000000742200000, 0x0000000742400000, 0x0000000742400000|100%|HC|  |TAMS 0x0000000742200000| PB 0x0000000742200000| Complete 
|  18|0x0000000742400000, 0x0000000742600000, 0x0000000742600000|100%|HS|  |TAMS 0x0000000742400000| PB 0x0000000742400000| Complete 
|  19|0x0000000742600000, 0x0000000742800000, 0x0000000742800000|100%|HC|  |TAMS 0x0000000742600000| PB 0x0000000742600000| Complete 
|  20|0x0000000742800000, 0x0000000742a00000, 0x0000000742a00000|100%|HS|  |TAMS 0x0000000742800000| PB 0x0000000742800000| Complete 
|  21|0x0000000742a00000, 0x0000000742c00000, 0x0000000742c00000|100%|HC|  |TAMS 0x0000000742a00000| PB 0x0000000742a00000| Complete 
|  22|0x0000000742c00000, 0x0000000742e00000, 0x0000000742e00000|100%|HS|  |TAMS 0x0000000742c00000| PB 0x0000000742c00000| Complete 
|  23|0x0000000742e00000, 0x0000000743000000, 0x0000000743000000|100%|HC|  |TAMS 0x0000000742e00000| PB 0x0000000742e00000| Complete 
|  24|0x0000000743000000, 0x0000000743200000, 0x0000000743200000|100%|HS|  |TAMS 0x0000000743000000| PB 0x0000000743000000| Complete 
|  25|0x0000000743200000, 0x0000000743400000, 0x0000000743400000|100%|HC|  |TAMS 0x0000000743200000| PB 0x0000000743200000| Complete 
|  26|0x0000000743400000, 0x0000000743600000, 0x0000000743600000|100%|HS|  |TAMS 0x0000000743400000| PB 0x0000000743400000| Complete 
|  27|0x0000000743600000, 0x0000000743800000, 0x0000000743800000|100%|HC|  |TAMS 0x0000000743600000| PB 0x0000000743600000| Complete 
|  28|0x0000000743800000, 0x0000000743a00000, 0x0000000743a00000|100%|HS|  |TAMS 0x0000000743800000| PB 0x0000000743800000| Complete 
|  29|0x0000000743a00000, 0x0000000743c00000, 0x0000000743c00000|100%|HC|  |TAMS 0x0000000743a00000| PB 0x0000000743a00000| Complete 
|  30|0x0000000743c00000, 0x0000000743e00000, 0x0000000743e00000|100%|HS|  |TAMS 0x0000000743c00000| PB 0x0000000743c00000| Complete 
|  31|0x0000000743e00000, 0x0000000744000000, 0x0000000744000000|100%|HC|  |TAMS 0x0000000743e00000| PB 0x0000000743e00000| Complete 
|  32|0x0000000744000000, 0x0000000744200000, 0x0000000744200000|100%|HS|  |TAMS 0x0000000744000000| PB 0x0000000744000000| Complete 
|  33|0x0000000744200000, 0x0000000744400000, 0x0000000744400000|100%|HC|  |TAMS 0x0000000744200000| PB 0x0000000744200000| Complete 
|  34|0x0000000744400000, 0x0000000744600000, 0x0000000744600000|100%|HS|  |TAMS 0x0000000744400000| PB 0x0000000744400000| Complete 
|  35|0x0000000744600000, 0x0000000744800000, 0x0000000744800000|100%|HC|  |TAMS 0x0000000744600000| PB 0x0000000744600000| Complete 
|  36|0x0000000744800000, 0x0000000744a00000, 0x0000000744a00000|100%|HS|  |TAMS 0x0000000744800000| PB 0x0000000744800000| Complete 
|  37|0x0000000744a00000, 0x0000000744c00000, 0x0000000744c00000|100%|HC|  |TAMS 0x0000000744a00000| PB 0x0000000744a00000| Complete 
|  38|0x0000000744c00000, 0x0000000744e00000, 0x0000000744e00000|100%|HS|  |TAMS 0x0000000744c00000| PB 0x0000000744c00000| Complete 
|  39|0x0000000744e00000, 0x0000000745000000, 0x0000000745000000|100%|HC|  |TAMS 0x0000000744e00000| PB 0x0000000744e00000| Complete 
|  40|0x0000000745000000, 0x0000000745200000, 0x0000000745200000|100%|HS|  |TAMS 0x0000000745000000| PB 0x0000000745000000| Complete 
|  41|0x0000000745200000, 0x0000000745400000, 0x0000000745400000|100%|HC|  |TAMS 0x0000000745200000| PB 0x0000000745200000| Complete 
|  42|0x0000000745400000, 0x0000000745600000, 0x0000000745600000|100%|HS|  |TAMS 0x0000000745400000| PB 0x0000000745400000| Complete 
|  43|0x0000000745600000, 0x0000000745800000, 0x0000000745800000|100%|HC|  |TAMS 0x0000000745600000| PB 0x0000000745600000| Complete 
|  44|0x0000000745800000, 0x0000000745a00000, 0x0000000745a00000|100%|HS|  |TAMS 0x0000000745800000| PB 0x0000000745800000| Complete 
|  45|0x0000000745a00000, 0x0000000745c00000, 0x0000000745c00000|100%|HC|  |TAMS 0x0000000745a00000| PB 0x0000000745a00000| Complete 
|  46|0x0000000745c00000, 0x0000000745e00000, 0x0000000745e00000|100%|HS|  |TAMS 0x0000000745c00000| PB 0x0000000745c00000| Complete 
|  47|0x0000000745e00000, 0x0000000746000000, 0x0000000746000000|100%|HC|  |TAMS 0x0000000745e00000| PB 0x0000000745e00000| Complete 
|  48|0x0000000746000000, 0x0000000746200000, 0x0000000746200000|100%|HS|  |TAMS 0x0000000746000000| PB 0x0000000746000000| Complete 
|  49|0x0000000746200000, 0x0000000746400000, 0x0000000746400000|100%|HC|  |TAMS 0x0000000746200000| PB 0x0000000746200000| Complete 
|  50|0x0000000746400000, 0x0000000746600000, 0x0000000746600000|100%|HS|  |TAMS 0x0000000746400000| PB 0x0000000746400000| Complete 
|  51|0x0000000746600000, 0x0000000746800000, 0x0000000746800000|100%|HC|  |TAMS 0x0000000746600000| PB 0x0000000746600000| Complete 
|  52|0x0000000746800000, 0x0000000746a00000, 0x0000000746a00000|100%|HS|  |TAMS 0x0000000746800000| PB 0x0000000746800000| Complete 
|  53|0x0000000746a00000, 0x0000000746c00000, 0x0000000746c00000|100%|HC|  |TAMS 0x0000000746a00000| PB 0x0000000746a00000| Complete 
|  54|0x0000000746c00000, 0x0000000746e00000, 0x0000000746e00000|100%| O|  |TAMS 0x0000000746c00000| PB 0x0000000746c00000| Untracked 
|  55|0x0000000746e00000, 0x0000000747000000, 0x0000000747000000|100%| O|  |TAMS 0x0000000746e00000| PB 0x0000000746e00000| Untracked 
|  56|0x0000000747000000, 0x0000000747200000, 0x0000000747200000|100%| O|  |TAMS 0x0000000747000000| PB 0x0000000747000000| Untracked 
|  57|0x0000000747200000, 0x0000000747400000, 0x0000000747400000|100%|HS|  |TAMS 0x0000000747200000| PB 0x0000000747200000| Complete 
|  58|0x0000000747400000, 0x0000000747600000, 0x0000000747600000|100%| O|  |TAMS 0x0000000747400000| PB 0x0000000747400000| Untracked 
|  59|0x0000000747600000, 0x0000000747800000, 0x0000000747800000|100%| O|  |TAMS 0x0000000747600000| PB 0x0000000747600000| Untracked 
|  60|0x0000000747800000, 0x0000000747a00000, 0x0000000747a00000|100%| O|  |TAMS 0x0000000747800000| PB 0x0000000747800000| Untracked 
|  61|0x0000000747a00000, 0x0000000747c00000, 0x0000000747c00000|100%| O|  |TAMS 0x0000000747a00000| PB 0x0000000747a00000| Untracked 
|  62|0x0000000747c00000, 0x0000000747e00000, 0x0000000747e00000|100%| O|Cm|TAMS 0x0000000747c00000| PB 0x0000000747c00000| Complete 
|  63|0x0000000747e00000, 0x0000000747e00000, 0x0000000748000000|  0%| F|  |TAMS 0x0000000747e00000| PB 0x0000000747e00000| Untracked 
|  64|0x0000000748000000, 0x0000000748200000, 0x0000000748200000|100%| O|  |TAMS 0x0000000748000000| PB 0x0000000748000000| Untracked 
|  65|0x0000000748200000, 0x0000000748400000, 0x0000000748400000|100%| O|  |TAMS 0x0000000748200000| PB 0x0000000748200000| Untracked 
|  66|0x0000000748400000, 0x0000000748600000, 0x0000000748600000|100%| O|  |TAMS 0x0000000748400000| PB 0x0000000748400000| Untracked 
|  67|0x0000000748600000, 0x0000000748800000, 0x0000000748800000|100%| O|  |TAMS 0x0000000748600000| PB 0x0000000748600000| Untracked 
|  68|0x0000000748800000, 0x0000000748a00000, 0x0000000748a00000|100%| O|  |TAMS 0x0000000748800000| PB 0x0000000748800000| Untracked 
|  69|0x0000000748a00000, 0x0000000748c00000, 0x0000000748c00000|100%| O|  |TAMS 0x0000000748a00000| PB 0x0000000748a00000| Untracked 
|  70|0x0000000748c00000, 0x0000000748e00000, 0x0000000748e00000|100%| O|  |TAMS 0x0000000748c00000| PB 0x0000000748c00000| Untracked 
|  71|0x0000000748e00000, 0x0000000749000000, 0x0000000749000000|100%| O|  |TAMS 0x0000000748e00000| PB 0x0000000748e00000| Untracked 
|  72|0x0000000749000000, 0x0000000749200000, 0x0000000749200000|100%| O|  |TAMS 0x0000000749000000| PB 0x0000000749000000| Untracked 
|  73|0x0000000749200000, 0x0000000749400000, 0x0000000749400000|100%| O|  |TAMS 0x0000000749200000| PB 0x0000000749200000| Untracked 
|  74|0x0000000749400000, 0x0000000749600000, 0x0000000749600000|100%| O|  |TAMS 0x0000000749400000| PB 0x0000000749400000| Untracked 
|  75|0x0000000749600000, 0x0000000749800000, 0x0000000749800000|100%| O|  |TAMS 0x0000000749600000| PB 0x0000000749600000| Untracked 
|  76|0x0000000749800000, 0x0000000749a00000, 0x0000000749a00000|100%| O|  |TAMS 0x0000000749800000| PB 0x0000000749800000| Untracked 
|  77|0x0000000749a00000, 0x0000000749c00000, 0x0000000749c00000|100%| O|  |TAMS 0x0000000749a00000| PB 0x0000000749a00000| Untracked 
|  78|0x0000000749c00000, 0x0000000749e00000, 0x0000000749e00000|100%| O|  |TAMS 0x0000000749c00000| PB 0x0000000749c00000| Untracked 
|  79|0x0000000749e00000, 0x000000074a000000, 0x000000074a000000|100%| O|  |TAMS 0x0000000749e00000| PB 0x0000000749e00000| Untracked 
|  80|0x000000074a000000, 0x000000074a200000, 0x000000074a200000|100%| O|  |TAMS 0x000000074a000000| PB 0x000000074a000000| Untracked 
|  81|0x000000074a200000, 0x000000074a400000, 0x000000074a400000|100%| O|  |TAMS 0x000000074a200000| PB 0x000000074a200000| Untracked 
|  82|0x000000074a400000, 0x000000074a600000, 0x000000074a600000|100%| O|  |TAMS 0x000000074a400000| PB 0x000000074a400000| Untracked 
|  83|0x000000074a600000, 0x000000074a800000, 0x000000074a800000|100%| O|  |TAMS 0x000000074a600000| PB 0x000000074a600000| Untracked 
|  84|0x000000074a800000, 0x000000074a800000, 0x000000074aa00000|  0%| F|  |TAMS 0x000000074a800000| PB 0x000000074a800000| Untracked 
|  85|0x000000074aa00000, 0x000000074ac00000, 0x000000074ac00000|100%| O|  |TAMS 0x000000074aa00000| PB 0x000000074aa00000| Untracked 
|  86|0x000000074ac00000, 0x000000074ae00000, 0x000000074ae00000|100%| O|  |TAMS 0x000000074ac00000| PB 0x000000074ac00000| Untracked 
|  87|0x000000074ae00000, 0x000000074b000000, 0x000000074b000000|100%| O|  |TAMS 0x000000074ae00000| PB 0x000000074ae00000| Untracked 
|  88|0x000000074b000000, 0x000000074b200000, 0x000000074b200000|100%| O|  |TAMS 0x000000074b000000| PB 0x000000074b000000| Untracked 
|  89|0x000000074b200000, 0x000000074b400000, 0x000000074b400000|100%| O|  |TAMS 0x000000074b200000| PB 0x000000074b200000| Untracked 
|  90|0x000000074b400000, 0x000000074b600000, 0x000000074b600000|100%| O|  |TAMS 0x000000074b400000| PB 0x000000074b400000| Untracked 
|  91|0x000000074b600000, 0x000000074b800000, 0x000000074b800000|100%| O|  |TAMS 0x000000074b600000| PB 0x000000074b600000| Untracked 
|  92|0x000000074b800000, 0x000000074b9d3188, 0x000000074ba00000| 91%| O|  |TAMS 0x000000074b800000| PB 0x000000074b800000| Untracked 
|  93|0x000000074ba00000, 0x000000074bc00000, 0x000000074bc00000|100%| O|  |TAMS 0x000000074ba00000| PB 0x000000074ba00000| Untracked 
|  94|0x000000074bc00000, 0x000000074bc00000, 0x000000074be00000|  0%| F|  |TAMS 0x000000074bc00000| PB 0x000000074bc00000| Untracked 
|  95|0x000000074be00000, 0x000000074c000000, 0x000000074c000000|100%| O|Cm|TAMS 0x000000074be00000| PB 0x000000074be00000| Complete 
|  96|0x000000074c000000, 0x000000074c200000, 0x000000074c200000|100%| O|  |TAMS 0x000000074c000000| PB 0x000000074c000000| Untracked 
|  97|0x000000074c200000, 0x000000074c400000, 0x000000074c400000|100%| O|  |TAMS 0x000000074c200000| PB 0x000000074c200000| Untracked 
|  98|0x000000074c400000, 0x000000074c600000, 0x000000074c600000|100%| O|  |TAMS 0x000000074c400000| PB 0x000000074c400000| Untracked 
|  99|0x000000074c600000, 0x000000074c800000, 0x000000074c800000|100%| O|  |TAMS 0x000000074c600000| PB 0x000000074c600000| Untracked 
| 100|0x000000074c800000, 0x000000074ca00000, 0x000000074ca00000|100%| O|  |TAMS 0x000000074c800000| PB 0x000000074c800000| Untracked 
| 101|0x000000074ca00000, 0x000000074cc00000, 0x000000074cc00000|100%| O|  |TAMS 0x000000074ca00000| PB 0x000000074ca00000| Untracked 
| 102|0x000000074cc00000, 0x000000074ce00000, 0x000000074ce00000|100%| O|Cm|TAMS 0x000000074cc00000| PB 0x000000074cc00000| Complete 
| 103|0x000000074ce00000, 0x000000074ce00000, 0x000000074d000000|  0%| F|  |TAMS 0x000000074ce00000| PB 0x000000074ce00000| Untracked 
| 104|0x000000074d000000, 0x000000074d200000, 0x000000074d200000|100%| O|  |TAMS 0x000000074d000000| PB 0x000000074d000000| Untracked 
| 105|0x000000074d200000, 0x000000074d400000, 0x000000074d400000|100%| O|  |TAMS 0x000000074d200000| PB 0x000000074d200000| Untracked 
| 106|0x000000074d400000, 0x000000074d400000, 0x000000074d600000|  0%| F|  |TAMS 0x000000074d400000| PB 0x000000074d400000| Untracked 
| 107|0x000000074d600000, 0x000000074d800000, 0x000000074d800000|100%| O|  |TAMS 0x000000074d600000| PB 0x000000074d600000| Untracked 
| 108|0x000000074d800000, 0x000000074da00000, 0x000000074da00000|100%| O|  |TAMS 0x000000074d800000| PB 0x000000074d800000| Untracked 
| 109|0x000000074da00000, 0x000000074dc00000, 0x000000074dc00000|100%| O|  |TAMS 0x000000074da00000| PB 0x000000074da00000| Untracked 
| 110|0x000000074dc00000, 0x000000074de00000, 0x000000074de00000|100%| O|  |TAMS 0x000000074dc00000| PB 0x000000074dc00000| Untracked 
| 111|0x000000074de00000, 0x000000074e000000, 0x000000074e000000|100%| O|  |TAMS 0x000000074de00000| PB 0x000000074de00000| Untracked 
| 112|0x000000074e000000, 0x000000074e200000, 0x000000074e200000|100%| O|  |TAMS 0x000000074e000000| PB 0x000000074e000000| Untracked 
| 113|0x000000074e200000, 0x000000074e400000, 0x000000074e400000|100%| O|  |TAMS 0x000000074e200000| PB 0x000000074e200000| Untracked 
| 114|0x000000074e400000, 0x000000074e600000, 0x000000074e600000|100%| O|  |TAMS 0x000000074e400000| PB 0x000000074e400000| Untracked 
| 115|0x000000074e600000, 0x000000074e600000, 0x000000074e800000|  0%| F|  |TAMS 0x000000074e600000| PB 0x000000074e600000| Untracked 
| 116|0x000000074e800000, 0x000000074e800000, 0x000000074ea00000|  0%| F|  |TAMS 0x000000074e800000| PB 0x000000074e800000| Untracked 
| 117|0x000000074ea00000, 0x000000074ec00000, 0x000000074ec00000|100%| O|  |TAMS 0x000000074ea00000| PB 0x000000074ea00000| Untracked 
| 118|0x000000074ec00000, 0x000000074ee00000, 0x000000074ee00000|100%| O|  |TAMS 0x000000074ec00000| PB 0x000000074ec00000| Untracked 
| 119|0x000000074ee00000, 0x000000074f000000, 0x000000074f000000|100%| O|  |TAMS 0x000000074ee00000| PB 0x000000074ee00000| Untracked 
| 120|0x000000074f000000, 0x000000074f200000, 0x000000074f200000|100%| O|  |TAMS 0x000000074f000000| PB 0x000000074f000000| Untracked 
| 121|0x000000074f200000, 0x000000074f400000, 0x000000074f400000|100%| O|  |TAMS 0x000000074f200000| PB 0x000000074f200000| Untracked 
| 122|0x000000074f400000, 0x000000074f400000, 0x000000074f600000|  0%| F|  |TAMS 0x000000074f400000| PB 0x000000074f400000| Untracked 
| 123|0x000000074f600000, 0x000000074f800000, 0x000000074f800000|100%| O|  |TAMS 0x000000074f600000| PB 0x000000074f600000| Untracked 
| 124|0x000000074f800000, 0x000000074fa00000, 0x000000074fa00000|100%| O|  |TAMS 0x000000074f800000| PB 0x000000074f800000| Untracked 
| 125|0x000000074fa00000, 0x000000074fc00000, 0x000000074fc00000|100%| O|  |TAMS 0x000000074fa00000| PB 0x000000074fa00000| Untracked 
| 126|0x000000074fc00000, 0x000000074fe00000, 0x000000074fe00000|100%| O|  |TAMS 0x000000074fc00000| PB 0x000000074fc00000| Untracked 
| 127|0x000000074fe00000, 0x0000000750000000, 0x0000000750000000|100%| O|  |TAMS 0x000000074fe00000| PB 0x000000074fe00000| Untracked 
| 128|0x0000000750000000, 0x0000000750200000, 0x0000000750200000|100%| O|  |TAMS 0x0000000750000000| PB 0x0000000750000000| Untracked 
| 129|0x0000000750200000, 0x0000000750400000, 0x0000000750400000|100%| O|  |TAMS 0x0000000750200000| PB 0x0000000750200000| Untracked 
| 130|0x0000000750400000, 0x0000000750600000, 0x0000000750600000|100%|HS|  |TAMS 0x0000000750400000| PB 0x0000000750400000| Complete 
| 131|0x0000000750600000, 0x0000000750800000, 0x0000000750800000|100%|HC|  |TAMS 0x0000000750600000| PB 0x0000000750600000| Complete 
| 132|0x0000000750800000, 0x0000000750a00000, 0x0000000750a00000|100%|HC|  |TAMS 0x0000000750800000| PB 0x0000000750800000| Complete 
| 133|0x0000000750a00000, 0x0000000750c00000, 0x0000000750c00000|100%|HC|  |TAMS 0x0000000750a00000| PB 0x0000000750a00000| Complete 
| 134|0x0000000750c00000, 0x0000000750e00000, 0x0000000750e00000|100%|HC|  |TAMS 0x0000000750c00000| PB 0x0000000750c00000| Complete 
| 135|0x0000000750e00000, 0x0000000750e00000, 0x0000000751000000|  0%| F|  |TAMS 0x0000000750e00000| PB 0x0000000750e00000| Untracked 
| 136|0x0000000751000000, 0x0000000751000000, 0x0000000751200000|  0%| F|  |TAMS 0x0000000751000000| PB 0x0000000751000000| Untracked 
| 137|0x0000000751200000, 0x00000007512a6f38, 0x0000000751400000| 32%| S|CS|TAMS 0x0000000751200000| PB 0x0000000751200000| Complete 
| 138|0x0000000751400000, 0x0000000751600000, 0x0000000751600000|100%|HS|  |TAMS 0x0000000751400000| PB 0x0000000751400000| Complete 
| 139|0x0000000751600000, 0x0000000751800000, 0x0000000751800000|100%|HC|  |TAMS 0x0000000751600000| PB 0x0000000751600000| Complete 
| 140|0x0000000751800000, 0x0000000751a00000, 0x0000000751a00000|100%|HC|  |TAMS 0x0000000751800000| PB 0x0000000751800000| Complete 
| 141|0x0000000751a00000, 0x0000000751c00000, 0x0000000751c00000|100%|HC|  |TAMS 0x0000000751a00000| PB 0x0000000751a00000| Complete 
| 142|0x0000000751c00000, 0x0000000751e00000, 0x0000000751e00000|100%|HC|  |TAMS 0x0000000751c00000| PB 0x0000000751c00000| Complete 
| 143|0x0000000751e00000, 0x0000000751e00000, 0x0000000752000000|  0%| F|  |TAMS 0x0000000751e00000| PB 0x0000000751e00000| Untracked 
| 144|0x0000000752000000, 0x0000000752000000, 0x0000000752200000|  0%| F|  |TAMS 0x0000000752000000| PB 0x0000000752000000| Untracked 
| 145|0x0000000752200000, 0x0000000752200000, 0x0000000752400000|  0%| F|  |TAMS 0x0000000752200000| PB 0x0000000752200000| Untracked 
| 146|0x0000000752400000, 0x0000000752400000, 0x0000000752600000|  0%| F|  |TAMS 0x0000000752400000| PB 0x0000000752400000| Untracked 
| 147|0x0000000752600000, 0x00000007527b8d98, 0x0000000752800000| 86%| E|  |TAMS 0x0000000752600000| PB 0x0000000752600000| Complete 
| 148|0x0000000752800000, 0x0000000752a00000, 0x0000000752a00000|100%| E|CS|TAMS 0x0000000752800000| PB 0x0000000752800000| Complete 
| 149|0x0000000752a00000, 0x0000000752c00000, 0x0000000752c00000|100%| E|CS|TAMS 0x0000000752a00000| PB 0x0000000752a00000| Complete 
| 150|0x0000000752c00000, 0x0000000752e00000, 0x0000000752e00000|100%| E|CS|TAMS 0x0000000752c00000| PB 0x0000000752c00000| Complete 
| 151|0x0000000752e00000, 0x0000000753000000, 0x0000000753000000|100%| E|CS|TAMS 0x0000000752e00000| PB 0x0000000752e00000| Complete 
| 152|0x0000000753000000, 0x0000000753200000, 0x0000000753200000|100%| E|CS|TAMS 0x0000000753000000| PB 0x0000000753000000| Complete 
| 153|0x0000000753200000, 0x0000000753400000, 0x0000000753400000|100%| E|CS|TAMS 0x0000000753200000| PB 0x0000000753200000| Complete 
| 154|0x0000000753400000, 0x0000000753600000, 0x0000000753600000|100%| E|CS|TAMS 0x0000000753400000| PB 0x0000000753400000| Complete 
| 155|0x0000000753600000, 0x0000000753800000, 0x0000000753800000|100%| E|CS|TAMS 0x0000000753600000| PB 0x0000000753600000| Complete 
| 156|0x0000000753800000, 0x0000000753a00000, 0x0000000753a00000|100%| E|CS|TAMS 0x0000000753800000| PB 0x0000000753800000| Complete 
| 157|0x0000000753a00000, 0x0000000753c00000, 0x0000000753c00000|100%| E|CS|TAMS 0x0000000753a00000| PB 0x0000000753a00000| Complete 
| 158|0x0000000753c00000, 0x0000000753e00000, 0x0000000753e00000|100%| E|CS|TAMS 0x0000000753c00000| PB 0x0000000753c00000| Complete 
| 159|0x0000000753e00000, 0x0000000754000000, 0x0000000754000000|100%| E|CS|TAMS 0x0000000753e00000| PB 0x0000000753e00000| Complete 
| 160|0x0000000754000000, 0x0000000754200000, 0x0000000754200000|100%| E|CS|TAMS 0x0000000754000000| PB 0x0000000754000000| Complete 
| 161|0x0000000754200000, 0x0000000754400000, 0x0000000754400000|100%| E|CS|TAMS 0x0000000754200000| PB 0x0000000754200000| Complete 
| 162|0x0000000754400000, 0x0000000754600000, 0x0000000754600000|100%| E|CS|TAMS 0x0000000754400000| PB 0x0000000754400000| Complete 
| 163|0x0000000754600000, 0x0000000754800000, 0x0000000754800000|100%| E|CS|TAMS 0x0000000754600000| PB 0x0000000754600000| Complete 
| 164|0x0000000754800000, 0x0000000754a00000, 0x0000000754a00000|100%| E|CS|TAMS 0x0000000754800000| PB 0x0000000754800000| Complete 
| 165|0x0000000754a00000, 0x0000000754c00000, 0x0000000754c00000|100%| E|CS|TAMS 0x0000000754a00000| PB 0x0000000754a00000| Complete 
| 166|0x0000000754c00000, 0x0000000754e00000, 0x0000000754e00000|100%| E|CS|TAMS 0x0000000754c00000| PB 0x0000000754c00000| Complete 
| 167|0x0000000754e00000, 0x0000000755000000, 0x0000000755000000|100%| E|CS|TAMS 0x0000000754e00000| PB 0x0000000754e00000| Complete 
| 168|0x0000000755000000, 0x0000000755200000, 0x0000000755200000|100%| E|CS|TAMS 0x0000000755000000| PB 0x0000000755000000| Complete 
| 169|0x0000000755200000, 0x0000000755400000, 0x0000000755400000|100%| E|CS|TAMS 0x0000000755200000| PB 0x0000000755200000| Complete 
| 170|0x0000000755400000, 0x0000000755600000, 0x0000000755600000|100%| E|CS|TAMS 0x0000000755400000| PB 0x0000000755400000| Complete 
| 171|0x0000000755600000, 0x0000000755800000, 0x0000000755800000|100%| E|CS|TAMS 0x0000000755600000| PB 0x0000000755600000| Complete 
| 172|0x0000000755800000, 0x0000000755a00000, 0x0000000755a00000|100%| E|CS|TAMS 0x0000000755800000| PB 0x0000000755800000| Complete 
| 173|0x0000000755a00000, 0x0000000755c00000, 0x0000000755c00000|100%| E|CS|TAMS 0x0000000755a00000| PB 0x0000000755a00000| Complete 
| 174|0x0000000755c00000, 0x0000000755e00000, 0x0000000755e00000|100%| E|CS|TAMS 0x0000000755c00000| PB 0x0000000755c00000| Complete 
| 175|0x0000000755e00000, 0x0000000756000000, 0x0000000756000000|100%| E|CS|TAMS 0x0000000755e00000| PB 0x0000000755e00000| Complete 
| 176|0x0000000756000000, 0x0000000756200000, 0x0000000756200000|100%| E|CS|TAMS 0x0000000756000000| PB 0x0000000756000000| Complete 
| 177|0x0000000756200000, 0x0000000756400000, 0x0000000756400000|100%| E|CS|TAMS 0x0000000756200000| PB 0x0000000756200000| Complete 
| 178|0x0000000756400000, 0x0000000756600000, 0x0000000756600000|100%| E|CS|TAMS 0x0000000756400000| PB 0x0000000756400000| Complete 
| 179|0x0000000756600000, 0x0000000756800000, 0x0000000756800000|100%| E|CS|TAMS 0x0000000756600000| PB 0x0000000756600000| Complete 
| 180|0x0000000756800000, 0x0000000756a00000, 0x0000000756a00000|100%| E|CS|TAMS 0x0000000756800000| PB 0x0000000756800000| Complete 
| 181|0x0000000756a00000, 0x0000000756c00000, 0x0000000756c00000|100%| E|CS|TAMS 0x0000000756a00000| PB 0x0000000756a00000| Complete 
| 182|0x0000000756c00000, 0x0000000756e00000, 0x0000000756e00000|100%| E|CS|TAMS 0x0000000756c00000| PB 0x0000000756c00000| Complete 
| 183|0x0000000756e00000, 0x0000000757000000, 0x0000000757000000|100%| E|CS|TAMS 0x0000000756e00000| PB 0x0000000756e00000| Complete 
| 184|0x0000000757000000, 0x0000000757200000, 0x0000000757200000|100%| E|CS|TAMS 0x0000000757000000| PB 0x0000000757000000| Complete 
| 185|0x0000000757200000, 0x0000000757400000, 0x0000000757400000|100%| E|CS|TAMS 0x0000000757200000| PB 0x0000000757200000| Complete 
| 186|0x0000000757400000, 0x0000000757600000, 0x0000000757600000|100%| E|CS|TAMS 0x0000000757400000| PB 0x0000000757400000| Complete 
| 187|0x0000000757600000, 0x0000000757800000, 0x0000000757800000|100%| E|CS|TAMS 0x0000000757600000| PB 0x0000000757600000| Complete 
| 188|0x0000000757800000, 0x0000000757a00000, 0x0000000757a00000|100%| E|CS|TAMS 0x0000000757800000| PB 0x0000000757800000| Complete 
| 189|0x0000000757a00000, 0x0000000757c00000, 0x0000000757c00000|100%| E|CS|TAMS 0x0000000757a00000| PB 0x0000000757a00000| Complete 
| 190|0x0000000757c00000, 0x0000000757e00000, 0x0000000757e00000|100%| E|CS|TAMS 0x0000000757c00000| PB 0x0000000757c00000| Complete 
| 191|0x0000000757e00000, 0x0000000758000000, 0x0000000758000000|100%| E|CS|TAMS 0x0000000757e00000| PB 0x0000000757e00000| Complete 
| 192|0x0000000758000000, 0x0000000758200000, 0x0000000758200000|100%| E|CS|TAMS 0x0000000758000000| PB 0x0000000758000000| Complete 
| 193|0x0000000758200000, 0x0000000758400000, 0x0000000758400000|100%| E|CS|TAMS 0x0000000758200000| PB 0x0000000758200000| Complete 
| 194|0x0000000758400000, 0x0000000758600000, 0x0000000758600000|100%| E|CS|TAMS 0x0000000758400000| PB 0x0000000758400000| Complete 
| 195|0x0000000758600000, 0x0000000758800000, 0x0000000758800000|100%| E|CS|TAMS 0x0000000758600000| PB 0x0000000758600000| Complete 
| 196|0x0000000758800000, 0x0000000758a00000, 0x0000000758a00000|100%| E|CS|TAMS 0x0000000758800000| PB 0x0000000758800000| Complete 
| 197|0x0000000758a00000, 0x0000000758c00000, 0x0000000758c00000|100%| E|CS|TAMS 0x0000000758a00000| PB 0x0000000758a00000| Complete 
| 198|0x0000000758c00000, 0x0000000758e00000, 0x0000000758e00000|100%| E|CS|TAMS 0x0000000758c00000| PB 0x0000000758c00000| Complete 
| 199|0x0000000758e00000, 0x0000000759000000, 0x0000000759000000|100%| E|CS|TAMS 0x0000000758e00000| PB 0x0000000758e00000| Complete 
| 200|0x0000000759000000, 0x0000000759200000, 0x0000000759200000|100%| E|CS|TAMS 0x0000000759000000| PB 0x0000000759000000| Complete 
| 201|0x0000000759200000, 0x0000000759400000, 0x0000000759400000|100%| E|CS|TAMS 0x0000000759200000| PB 0x0000000759200000| Complete 
| 202|0x0000000759400000, 0x0000000759600000, 0x0000000759600000|100%| E|CS|TAMS 0x0000000759400000| PB 0x0000000759400000| Complete 
| 203|0x0000000759600000, 0x0000000759800000, 0x0000000759800000|100%| E|CS|TAMS 0x0000000759600000| PB 0x0000000759600000| Complete 
| 204|0x0000000759800000, 0x0000000759a00000, 0x0000000759a00000|100%| E|CS|TAMS 0x0000000759800000| PB 0x0000000759800000| Complete 
| 205|0x0000000759a00000, 0x0000000759c00000, 0x0000000759c00000|100%| E|CS|TAMS 0x0000000759a00000| PB 0x0000000759a00000| Complete 
| 206|0x0000000759c00000, 0x0000000759e00000, 0x0000000759e00000|100%| E|CS|TAMS 0x0000000759c00000| PB 0x0000000759c00000| Complete 
| 207|0x0000000759e00000, 0x000000075a000000, 0x000000075a000000|100%| E|CS|TAMS 0x0000000759e00000| PB 0x0000000759e00000| Complete 
| 208|0x000000075a000000, 0x000000075a200000, 0x000000075a200000|100%| E|CS|TAMS 0x000000075a000000| PB 0x000000075a000000| Complete 
| 209|0x000000075a200000, 0x000000075a400000, 0x000000075a400000|100%| E|CS|TAMS 0x000000075a200000| PB 0x000000075a200000| Complete 
| 210|0x000000075a400000, 0x000000075a600000, 0x000000075a600000|100%| E|CS|TAMS 0x000000075a400000| PB 0x000000075a400000| Complete 
| 211|0x000000075a600000, 0x000000075a800000, 0x000000075a800000|100%| E|CS|TAMS 0x000000075a600000| PB 0x000000075a600000| Complete 
| 212|0x000000075a800000, 0x000000075aa00000, 0x000000075aa00000|100%| E|CS|TAMS 0x000000075a800000| PB 0x000000075a800000| Complete 
| 213|0x000000075aa00000, 0x000000075ac00000, 0x000000075ac00000|100%| E|CS|TAMS 0x000000075aa00000| PB 0x000000075aa00000| Complete 
|1535|0x00000007ffe00000, 0x0000000800000000, 0x0000000800000000|100%| O|  |TAMS 0x00000007ffe00000| PB 0x00000007ffe00000| Untracked 

Card table byte_map: [0x000001943acc0000,0x000001943b2c0000] _byte_map_base: 0x00000194372c0000

Marking Bits: (CMBitMap*) 0x0000019423bca310
 Bits: [0x000001943b2c0000, 0x000001943e2c0000)

Polling page: 0x00000194231e0000

Metaspace:

Usage:
  Non-class:     56.85 MB used.
      Class:      7.67 MB used.
       Both:     64.52 MB used.

Virtual space:
  Non-class space:       64.00 MB reserved,      57.12 MB ( 89%) committed,  1 nodes.
      Class space:        1.00 GB reserved,       7.94 MB ( <1%) committed,  1 nodes.
             Both:        1.06 GB reserved,      65.06 MB (  6%) committed. 

Chunk freelists:
   Non-Class:  6.03 MB
       Class:  8.03 MB
        Both:  14.06 MB

MaxMetaspaceSize: unlimited
CompressedClassSpaceSize: 1.00 GB
Initial GC threshold: 21.00 MB
Current GC threshold: 108.25 MB
CDS: off
 - commit_granule_bytes: 65536.
 - commit_granule_words: 8192.
 - virtual_space_node_default_size: 8388608.
 - enlarge_chunks_in_place: 1.
 - use_allocation_guard: 0.


Internal statistics:

num_allocs_failed_limit: 6.
num_arena_births: 526.
num_arena_deaths: 0.
num_vsnodes_births: 2.
num_vsnodes_deaths: 0.
num_space_committed: 1041.
num_space_uncommitted: 0.
num_chunks_returned_to_freelist: 6.
num_chunks_taken_from_freelist: 1958.
num_chunk_merges: 3.
num_chunk_splits: 1343.
num_chunks_enlarged: 1012.
num_inconsistent_stats: 0.

CodeHeap 'non-profiled nmethods': size=120000Kb used=11225Kb max_used=13412Kb free=108774Kb
 bounds [0x0000019432e60000, 0x0000019433b80000, 0x000001943a390000]
CodeHeap 'profiled nmethods': size=120000Kb used=17018Kb max_used=23437Kb free=102981Kb
 bounds [0x000001942b390000, 0x000001942ca80000, 0x00000194328c0000]
CodeHeap 'non-nmethods': size=5760Kb used=2365Kb max_used=2413Kb free=3394Kb
 bounds [0x00000194328c0000, 0x0000019432b30000, 0x0000019432e60000]
 total_blobs=9543 nmethods=8494 adapters=949
 compilation: enabled
              stopped_count=0, restarted_count=0
 full_count=0

Compilation events (20 events):
Event: 892.777 Thread 0x00000194450de120 15357       3       java.lang.RuntimeException::<init> (6 bytes)
Event: 892.777 Thread 0x00000194450de120 nmethod 15357 0x000001942b606b90 code [0x000001942b606d40, 0x000001942b606ed8]
Event: 892.889 Thread 0x00000194450dc270 15358       4       java.awt.geom.EllipseIterator::next (11 bytes)
Event: 892.889 Thread 0x00000194450dc270 nmethod 15358 0x0000019432eba410 code [0x0000019432eba5a0, 0x0000019432eba628]
Event: 892.895 Thread 0x00000194450dc270 15359       4       java.util.Arrays::copyOf (33 bytes)
Event: 892.898 Thread 0x00000194450dc270 nmethod 15359 0x00000194331a2190 code [0x00000194331a2340, 0x00000194331a2730]
Event: 893.560 Thread 0x00000194450dc270 15360       4       javax.swing.UIDefaults::getBoolean (25 bytes)
Event: 893.561 Thread 0x00000194450dc270 nmethod 15360 0x0000019432f4a610 code [0x0000019432f4a7c0, 0x0000019432f4a8d0]
Event: 893.562 Thread 0x00000194450de120 15361       3       sun.swing.SwingUtilities2::syncCharsBuffer (41 bytes)
Event: 893.563 Thread 0x00000194450de120 nmethod 15361 0x000001942b5a2090 code [0x000001942b5a22a0, 0x000001942b5a27b0]
Event: 893.610 Thread 0x00000194450de120 15365       3       sun.awt.geom.Curve::<init> (10 bytes)
Event: 893.610 Thread 0x00000194450dc270 15366       4       sun.awt.geom.Order3::YforT (26 bytes)
Event: 893.610 Thread 0x00000194450de120 nmethod 15365 0x000001942b613310 code [0x000001942b6134c0, 0x000001942b613628]
Event: 893.610 Thread 0x00000194450de120 15367       1       sun.awt.geom.Order0::getOrder (2 bytes)
Event: 893.610 Thread 0x00000194450de120 nmethod 15367 0x0000019432ebd010 code [0x0000019432ebd1a0, 0x0000019432ebd268]
Event: 893.610 Thread 0x00000194450dc270 nmethod 15366 0x0000019432ebdb10 code [0x0000019432ebdca0, 0x0000019432ebdd50]
Event: 893.611 Thread 0x00000194450de120 15368       3       javax.swing.JMenu::isSelected (10 bytes)
Event: 893.611 Thread 0x00000194450de120 nmethod 15368 0x000001942b527510 code [0x000001942b5276c0, 0x000001942b527930]
Event: 893.615 Thread 0x00000194450de120 15369       3       com.formdev.flatlaf.ui.FlatPanelUI::fillRoundedBackground (115 bytes)
Event: 893.616 Thread 0x00000194450de120 nmethod 15369 0x000001942b6f7c10 code [0x000001942b6f7f40, 0x000001942b6f8ed0]

GC Heap History (20 events):
Event: 248.789 GC heap before
{Heap before GC invocations=61 (full 0):
 garbage-first heap   total 434176K, used 388452K [0x0000000740000000, 0x0000000800000000)
  region size 2048K, 66 young (135168K), 1 survivors (2048K)
 Metaspace       used 65462K, committed 66048K, reserved 1114112K
  class space    used 7835K, committed 8128K, reserved 1048576K
}
Event: 248.800 GC heap after
{Heap after GC invocations=62 (full 0):
 garbage-first heap   total 434176K, used 257323K [0x0000000740000000, 0x0000000800000000)
  region size 2048K, 1 young (2048K), 1 survivors (2048K)
 Metaspace       used 65462K, committed 66048K, reserved 1114112K
  class space    used 7835K, committed 8128K, reserved 1048576K
}
Event: 297.594 GC heap before
{Heap before GC invocations=62 (full 0):
 garbage-first heap   total 434176K, used 402731K [0x0000000740000000, 0x0000000800000000)
  region size 2048K, 73 young (149504K), 1 survivors (2048K)
 Metaspace       used 65749K, committed 66304K, reserved 1114112K
  class space    used 7846K, committed 8128K, reserved 1048576K
}
Event: 297.601 GC heap after
{Heap after GC invocations=63 (full 0):
 garbage-first heap   total 434176K, used 255193K [0x0000000740000000, 0x0000000800000000)
  region size 2048K, 1 young (2048K), 1 survivors (2048K)
 Metaspace       used 65749K, committed 66304K, reserved 1114112K
  class space    used 7846K, committed 8128K, reserved 1048576K
}
Event: 321.761 GC heap before
{Heap before GC invocations=63 (full 0):
 garbage-first heap   total 434176K, used 402649K [0x0000000740000000, 0x0000000800000000)
  region size 2048K, 74 young (151552K), 1 survivors (2048K)
 Metaspace       used 65904K, committed 66496K, reserved 1114112K
  class space    used 7848K, committed 8128K, reserved 1048576K
}
Event: 321.766 GC heap after
{Heap after GC invocations=64 (full 0):
 garbage-first heap   total 434176K, used 255196K [0x0000000740000000, 0x0000000800000000)
  region size 2048K, 1 young (2048K), 1 survivors (2048K)
 Metaspace       used 65904K, committed 66496K, reserved 1114112K
  class space    used 7848K, committed 8128K, reserved 1048576K
}
Event: 395.258 GC heap before
{Heap before GC invocations=65 (full 0):
 garbage-first heap   total 434176K, used 402652K [0x0000000740000000, 0x0000000800000000)
  region size 2048K, 74 young (151552K), 1 survivors (2048K)
 Metaspace       used 65926K, committed 66496K, reserved 1114112K
  class space    used 7848K, committed 8128K, reserved 1048576K
}
Event: 395.271 GC heap after
{Heap after GC invocations=66 (full 0):
 garbage-first heap   total 434176K, used 255212K [0x0000000740000000, 0x0000000800000000)
  region size 2048K, 1 young (2048K), 1 survivors (2048K)
 Metaspace       used 65926K, committed 66496K, reserved 1114112K
  class space    used 7848K, committed 8128K, reserved 1048576K
}
Event: 470.269 GC heap before
{Heap before GC invocations=66 (full 0):
 garbage-first heap   total 434176K, used 402668K [0x0000000740000000, 0x0000000800000000)
  region size 2048K, 74 young (151552K), 1 survivors (2048K)
 Metaspace       used 65978K, committed 66560K, reserved 1114112K
  class space    used 7849K, committed 8128K, reserved 1048576K
}
Event: 470.272 GC heap after
{Heap after GC invocations=67 (full 0):
 garbage-first heap   total 434176K, used 253582K [0x0000000740000000, 0x0000000800000000)
  region size 2048K, 1 young (2048K), 1 survivors (2048K)
 Metaspace       used 65978K, committed 66560K, reserved 1114112K
  class space    used 7849K, committed 8128K, reserved 1048576K
}
Event: 547.568 GC heap before
{Heap before GC invocations=67 (full 0):
 garbage-first heap   total 434176K, used 403086K [0x0000000740000000, 0x0000000800000000)
  region size 2048K, 75 young (153600K), 1 survivors (2048K)
 Metaspace       used 65989K, committed 66560K, reserved 1114112K
  class space    used 7849K, committed 8128K, reserved 1048576K
}
Event: 547.570 GC heap after
{Heap after GC invocations=68 (full 0):
 garbage-first heap   total 434176K, used 253557K [0x0000000740000000, 0x0000000800000000)
  region size 2048K, 1 young (2048K), 1 survivors (2048K)
 Metaspace       used 65989K, committed 66560K, reserved 1114112K
  class space    used 7849K, committed 8128K, reserved 1048576K
}
Event: 625.057 GC heap before
{Heap before GC invocations=69 (full 0):
 garbage-first heap   total 434176K, used 403061K [0x0000000740000000, 0x0000000800000000)
  region size 2048K, 76 young (155648K), 1 survivors (2048K)
 Metaspace       used 65989K, committed 66560K, reserved 1114112K
  class space    used 7849K, committed 8128K, reserved 1048576K
}
Event: 625.061 GC heap after
{Heap after GC invocations=70 (full 0):
 garbage-first heap   total 434176K, used 253573K [0x0000000740000000, 0x0000000800000000)
  region size 2048K, 1 young (2048K), 1 survivors (2048K)
 Metaspace       used 65989K, committed 66560K, reserved 1114112K
  class space    used 7849K, committed 8128K, reserved 1048576K
}
Event: 702.674 GC heap before
{Heap before GC invocations=70 (full 0):
 garbage-first heap   total 434176K, used 405125K [0x0000000740000000, 0x0000000800000000)
  region size 2048K, 75 young (153600K), 1 survivors (2048K)
 Metaspace       used 65989K, committed 66560K, reserved 1114112K
  class space    used 7849K, committed 8128K, reserved 1048576K
}
Event: 702.678 GC heap after
{Heap after GC invocations=71 (full 0):
 garbage-first heap   total 434176K, used 252375K [0x0000000740000000, 0x0000000800000000)
  region size 2048K, 1 young (2048K), 1 survivors (2048K)
 Metaspace       used 65989K, committed 66560K, reserved 1114112K
  class space    used 7849K, committed 8128K, reserved 1048576K
}
Event: 750.545 GC heap before
{Heap before GC invocations=71 (full 0):
 garbage-first heap   total 434176K, used 346583K [0x0000000740000000, 0x0000000800000000)
  region size 2048K, 49 young (100352K), 1 survivors (2048K)
 Metaspace       used 65997K, committed 66560K, reserved 1114112K
  class space    used 7849K, committed 8128K, reserved 1048576K
}
Event: 750.547 GC heap after
{Heap after GC invocations=72 (full 0):
 garbage-first heap   total 434176K, used 252411K [0x0000000740000000, 0x0000000800000000)
  region size 2048K, 1 young (2048K), 1 survivors (2048K)
 Metaspace       used 65997K, committed 66560K, reserved 1114112K
  class space    used 7849K, committed 8128K, reserved 1048576K
}
Event: 826.491 GC heap before
{Heap before GC invocations=73 (full 0):
 garbage-first heap   total 440320K, used 414203K [0x0000000740000000, 0x0000000800000000)
  region size 2048K, 76 young (155648K), 1 survivors (2048K)
 Metaspace       used 66054K, committed 66624K, reserved 1114112K
  class space    used 7849K, committed 8128K, reserved 1048576K
}
Event: 826.498 GC heap after
{Heap after GC invocations=74 (full 0):
 garbage-first heap   total 440320K, used 262632K [0x0000000740000000, 0x0000000800000000)
  region size 2048K, 1 young (2048K), 1 survivors (2048K)
 Metaspace       used 66054K, committed 66624K, reserved 1114112K
  class space    used 7849K, committed 8128K, reserved 1048576K
}

Dll operation events (3 events):
Event: 0.040 Loaded shared library C:\Program Files\Freeplane\runtime\bin\java.dll
Event: 0.208 Loaded shared library C:\Program Files\Freeplane\runtime\bin\jsvml.dll
Event: 7.608 Loaded shared library C:\Program Files\Freeplane\runtime\bin\verify.dll

Deoptimization events (20 events):
Event: 750.554 Thread 0x0000019445dfa160 Uncommon trap: trap_request=0xffffffde fr.pc=0x0000019433b393c4 relative=0x0000000000003b24
Event: 750.554 Thread 0x0000019445dfa160 Uncommon trap: reason=class_check action=maybe_recompile pc=0x0000019433b393c4 method=sun.java2d.pipe.PixelToShapeConverter.drawPolygon(Lsun/java2d/SunGraphics2D;[I[II)V @ 14 c2
Event: 750.554 Thread 0x0000019445dfa160 DEOPT PACKING pc=0x0000019433b393c4 sp=0x000000918f3fad40
Event: 750.554 Thread 0x0000019445dfa160 DEOPT UNPACKING pc=0x00000194329146a2 sp=0x000000918f3fab38 mode 2
Event: 752.404 Thread 0x0000019445dfa160 Uncommon trap: trap_request=0xffffff45 fr.pc=0x000001943337c824 relative=0x00000000000030a4
Event: 752.404 Thread 0x0000019445dfa160 Uncommon trap: reason=unstable_if action=reinterpret pc=0x000001943337c824 method=org.freeplane.view.swing.map.MainView.paintDragRectangle(Ljava/awt/Graphics;)V @ 10 c2
Event: 752.404 Thread 0x0000019445dfa160 DEOPT PACKING pc=0x000001943337c824 sp=0x000000918f3fd370
Event: 752.404 Thread 0x0000019445dfa160 DEOPT UNPACKING pc=0x00000194329146a2 sp=0x000000918f3fd250 mode 2
Event: 752.415 Thread 0x0000019445dfa160 Uncommon trap: trap_request=0xffffff45 fr.pc=0x0000019432e7d720 relative=0x0000000000000080
Event: 752.415 Thread 0x0000019445dfa160 Uncommon trap: reason=unstable_if action=reinterpret pc=0x0000019432e7d720 method=org.freeplane.view.swing.map.MainView.paintDragRectangle(Ljava/awt/Graphics;)V @ 10 c2
Event: 752.415 Thread 0x0000019445dfa160 DEOPT PACKING pc=0x0000019432e7d720 sp=0x000000918f3fd320
Event: 752.415 Thread 0x0000019445dfa160 DEOPT UNPACKING pc=0x00000194329146a2 sp=0x000000918f3fd288 mode 2
Event: 892.778 Thread 0x0000019445dfa160 Uncommon trap: trap_request=0xffffffc6 fr.pc=0x0000019433b0c6e8 relative=0x0000000000000a48
Event: 892.778 Thread 0x0000019445dfa160 Uncommon trap: reason=bimorphic_or_optimized_type_check action=maybe_recompile pc=0x0000019433b0c6e8 method=sun.java2d.pipe.PixelToParallelogramConverter.fillRectangle(Lsun/java2d/SunGraphics2D;DDDD)V @ 230 c2
Event: 892.778 Thread 0x0000019445dfa160 DEOPT PACKING pc=0x0000019433b0c6e8 sp=0x000000918f3fd8f0
Event: 892.778 Thread 0x0000019445dfa160 DEOPT UNPACKING pc=0x00000194329146a2 sp=0x000000918f3fd780 mode 2
Event: 892.897 Thread 0x0000019445dfa160 Uncommon trap: trap_request=0xffffffc6 fr.pc=0x0000019433b0c6e8 relative=0x0000000000000a48
Event: 892.897 Thread 0x0000019445dfa160 Uncommon trap: reason=bimorphic_or_optimized_type_check action=maybe_recompile pc=0x0000019433b0c6e8 method=sun.java2d.pipe.PixelToParallelogramConverter.fillRectangle(Lsun/java2d/SunGraphics2D;DDDD)V @ 230 c2
Event: 892.897 Thread 0x0000019445dfa160 DEOPT PACKING pc=0x0000019433b0c6e8 sp=0x000000918f3fd8f0
Event: 892.897 Thread 0x0000019445dfa160 DEOPT UNPACKING pc=0x00000194329146a2 sp=0x000000918f3fd780 mode 2

Classes loaded (20 events):
Event: 291.405 Loading class java/awt/Container$EventTargetFilter done
Event: 291.405 Loading class java/awt/Container$MouseEventTargetFilter done
Event: 291.405 Loading class java/awt/LightweightDispatcher$1
Event: 291.405 Loading class java/awt/LightweightDispatcher$1 done
Event: 291.409 Loading class javax/imageio/stream/FileImageInputStream
Event: 291.409 Loading class javax/imageio/stream/FileImageInputStream done
Event: 291.410 Loading class sun/java2d/loops/MaskBlit$General
Event: 291.410 Loading class sun/java2d/loops/GraphicsPrimitive$GeneralBinaryOp
Event: 291.410 Loading class sun/java2d/loops/GraphicsPrimitive$GeneralBinaryOp done
Event: 291.410 Loading class sun/java2d/loops/MaskBlit$General done
Event: 292.532 Loading class sun/awt/geom/Order3
Event: 292.533 Loading class sun/awt/geom/Order3 done
Event: 292.533 Loading class sun/awt/geom/AreaOp$EOWindOp
Event: 292.533 Loading class sun/awt/geom/AreaOp$EOWindOp done
Event: 292.534 Loading class sun/awt/geom/AreaOp$SubOp
Event: 292.534 Loading class sun/awt/geom/AreaOp$SubOp done
Event: 292.535 Loading class java/awt/geom/AreaIterator
Event: 292.535 Loading class java/awt/geom/AreaIterator done
Event: 892.736 Loading class sun/java2d/SurfaceDataProxy$CountdownTracker
Event: 892.736 Loading class sun/java2d/SurfaceDataProxy$CountdownTracker done

Classes unloaded (0 events):
No events

Classes redefined (0 events):
No events

Internal exceptions (20 events):
Event: 29.003 Thread 0x0000019456d47b60 Exception <a 'java/lang/InterruptedException'{0x00000007545470a0}: sleep interrupted> (0x00000007545470a0) 
thrown [s\src\hotspot\share\prims\jvm.cpp, line 3055]
Event: 29.015 Thread 0x0000019456d47b60 Exception <a 'java/lang/InterruptedException'{0x0000000753f00bf8}: sleep interrupted> (0x0000000753f00bf8) 
thrown [s\src\hotspot\share\prims\jvm.cpp, line 3055]
Event: 29.804 Thread 0x0000019456d46120 Exception <a 'java/lang/InterruptedException'{0x0000000752e138b8}: sleep interrupted> (0x0000000752e138b8) 
thrown [s\src\hotspot\share\prims\jvm.cpp, line 3055]
Event: 30.327 Thread 0x0000019456d481f0 Exception <a 'java/lang/InterruptedException'{0x000000075280c458}: sleep interrupted> (0x000000075280c458) 
thrown [s\src\hotspot\share\prims\jvm.cpp, line 3055]
Event: 30.490 Thread 0x0000019456d481f0 Exception <a 'java/lang/InterruptedException'{0x0000000755b0c8e8}: sleep interrupted> (0x0000000755b0c8e8) 
thrown [s\src\hotspot\share\prims\jvm.cpp, line 3055]
Event: 31.030 Thread 0x0000019456d46120 Exception <a 'java/lang/InterruptedException'{0x000000075474adb8}: sleep interrupted> (0x000000075474adb8) 
thrown [s\src\hotspot\share\prims\jvm.cpp, line 3055]
Event: 32.147 Thread 0x0000019445dfa160 Implicit null exception at 0x00000194333c934f to 0x00000194333c96a0
Event: 32.307 Thread 0x0000019445dfa160 Exception <a 'java/lang/NoSuchMethodError'{0x0000000752c2b270}: 'java.lang.Object java.lang.invoke.DirectMethodHandle$Holder.newInvokeSpecial(java.lang.Object, java.lang.Object, int, int, int)'> (0x0000000752c2b270) 
thrown [s\src\hotspot\share\interpreter\linkResolver.cpp, line 784]
Event: 32.307 Thread 0x0000019445dfa160 Exception <a 'java/lang/NoSuchMethodError'{0x0000000752c32a28}: 'java.lang.Object java.lang.invoke.Invokers$Holder.linkToTargetMethod(java.lang.Object, int, int, int, java.lang.Object)'> (0x0000000752c32a28) 
thrown [s\src\hotspot\share\interpreter\linkResolver.cpp, line 784]
Event: 32.341 Thread 0x0000019454ee5660 Implicit null exception at 0x00000194330b0d84 to 0x00000194330b1640
Event: 32.391 Thread 0x0000019445dfa160 Implicit null exception at 0x00000194334a1c11 to 0x00000194334a1e27
Event: 32.393 Thread 0x0000019445dfa160 Exception <a 'java/lang/NoSuchMethodError'{0x0000000752a9c1a0}: 'void java.lang.invoke.DirectMethodHandle$Holder.invokeSpecial(java.lang.Object, java.lang.Object, java.lang.Object, int, int, int, int, double)'> (0x0000000752a9c1a0) 
thrown [s\src\hotspot\share\interpreter\linkResolver.cpp, line 784]
Event: 33.013 Thread 0x0000019445dfa160 Exception <a 'java/io/IOException'{0x00000007596e40f8}> (0x00000007596e40f8) 
thrown [s\src\hotspot\share\prims\jni.cpp, line 535]
Event: 33.014 Thread 0x0000019445dfa160 Exception <a 'java/io/IOException'{0x00000007596e5e70}> (0x00000007596e5e70) 
thrown [s\src\hotspot\share\prims\jni.cpp, line 535]
Event: 33.014 Thread 0x0000019445dfa160 Exception <a 'java/io/IOException'{0x00000007596e6438}> (0x00000007596e6438) 
thrown [s\src\hotspot\share\prims\jni.cpp, line 535]
Event: 33.014 Thread 0x0000019445dfa160 Exception <a 'java/io/IOException'{0x00000007596e6ed0}> (0x00000007596e6ed0) 
thrown [s\src\hotspot\share\prims\jni.cpp, line 535]
Event: 33.173 Thread 0x0000019454ee5660 Implicit null exception at 0x00000194338a2589 to 0x00000194338a2af4
Event: 33.494 Thread 0x000001945553d220 Implicit null exception at 0x00000194336dca4f to 0x00000194336dcdb8
Event: 33.581 Thread 0x0000019455539da0 Implicit null exception at 0x00000194335a23da to 0x00000194335a2454
Event: 291.713 Thread 0x0000019445dfa160 Exception <a 'java/lang/NoSuchMethodError'{0x00000007550a24f0}: 'void java.lang.invoke.DirectMethodHandle$Holder.invokeSpecial(java.lang.Object, java.lang.Object, int)'> (0x00000007550a24f0) 
thrown [s\src\hotspot\share\interpreter\linkResolver.cpp, line 784]

ZGC Phase Switch (0 events):
No events

VM Operations (20 events):
Event: 766.889 Executing VM operation: Cleanup
Event: 766.889 Executing VM operation: Cleanup done
Event: 768.900 Executing VM operation: Cleanup
Event: 768.900 Executing VM operation: Cleanup done
Event: 781.991 Executing VM operation: HandshakeAllThreads (HandshakeForDeflation)
Event: 781.991 Executing VM operation: HandshakeAllThreads (HandshakeForDeflation) done
Event: 781.991 Executing VM operation: RendezvousGCThreads
Event: 781.991 Executing VM operation: RendezvousGCThreads done
Event: 808.274 Executing VM operation: Cleanup
Event: 808.274 Executing VM operation: Cleanup done
Event: 813.317 Executing VM operation: Cleanup
Event: 813.317 Executing VM operation: Cleanup done
Event: 826.491 Executing VM operation: G1CollectForAllocation (G1 Evacuation Pause)
Event: 826.498 Executing VM operation: G1CollectForAllocation (G1 Evacuation Pause) done
Event: 842.078 Executing VM operation: HandshakeAllThreads (HandshakeForDeflation)
Event: 842.078 Executing VM operation: HandshakeAllThreads (HandshakeForDeflation) done
Event: 842.078 Executing VM operation: RendezvousGCThreads
Event: 842.078 Executing VM operation: RendezvousGCThreads done
Event: 893.583 Executing VM operation: Cleanup
Event: 893.583 Executing VM operation: Cleanup done

Memory protections (0 events):
No events

Nmethod flushes (20 events):
Event: 750.703 Thread 0x0000019440d3ebc0 flushing  nmethod 0x000001942b8b0490
Event: 750.703 Thread 0x0000019440d3ebc0 flushing  nmethod 0x000001942c209490
Event: 750.703 Thread 0x0000019440d3ebc0 flushing  nmethod 0x000001942c40bb90
Event: 750.703 Thread 0x0000019440d3ebc0 flushing  nmethod 0x000001942c4d8e90
Event: 750.703 Thread 0x0000019440d3ebc0 flushing  nmethod 0x000001942c644010
Event: 750.703 Thread 0x0000019440d3ebc0 flushing  nmethod 0x000001943301a290
Event: 750.703 Thread 0x0000019440d3ebc0 flushing  nmethod 0x000001942ba92710
Event: 750.703 Thread 0x0000019440d3ebc0 flushing  nmethod 0x000001942bb54390
Event: 750.703 Thread 0x0000019440d3ebc0 flushing  nmethod 0x000001942c78f890
Event: 750.703 Thread 0x0000019440d3ebc0 flushing  nmethod 0x000001942c9dec90
Event: 750.703 Thread 0x0000019440d3ebc0 flushing  nmethod 0x000001942b427010
Event: 750.703 Thread 0x0000019440d3ebc0 flushing  nmethod 0x000001942bf8d290
Event: 750.703 Thread 0x0000019440d3ebc0 flushing  nmethod 0x000001942c1a6990
Event: 750.703 Thread 0x0000019440d3ebc0 flushing  nmethod 0x000001942c759410
Event: 750.703 Thread 0x0000019440d3ebc0 flushing  nmethod 0x000001942c966910
Event: 750.703 Thread 0x0000019440d3ebc0 flushing  nmethod 0x000001942c96a390
Event: 750.703 Thread 0x0000019440d3ebc0 flushing  nmethod 0x000001942c96aa90
Event: 750.703 Thread 0x0000019440d3ebc0 flushing  nmethod 0x000001942c96c510
Event: 750.703 Thread 0x0000019440d3ebc0 flushing  nmethod 0x000001942c96cd10
Event: 750.703 Thread 0x0000019440d3ebc0 flushing  nmethod 0x000001942c96e810

Events (20 events):
Event: 33.768 Thread 0x000001945553df40 Thread exited: 0x000001945553df40
Event: 34.607 Thread 0x0000019450fac950 Thread exited: 0x0000019450fac950
Event: 34.607 Thread 0x0000019450fab4e0 Thread exited: 0x0000019450fab4e0
Event: 38.244 Thread 0x0000019456d46120 Thread exited: 0x0000019456d46120
Event: 291.459 Thread 0x00000194450de120 Thread added: 0x0000019450fad020
Event: 291.624 Thread 0x0000019450fad020 Thread exited: 0x0000019450fad020
Event: 292.606 Thread 0x00000194450de120 Thread added: 0x0000019450fad020
Event: 294.426 Thread 0x0000019450fad020 Thread exited: 0x0000019450fad020
Event: 296.255 Thread 0x00000194450de120 Thread added: 0x0000019450fab4e0
Event: 296.537 Thread 0x0000019450fab4e0 Thread exited: 0x0000019450fab4e0
Event: 296.611 Thread 0x00000194450dc270 Thread added: 0x0000019450fab4e0
Event: 297.252 Thread 0x0000019450fab4e0 Thread exited: 0x0000019450fab4e0
Event: 297.306 Thread 0x00000194450dc270 Thread added: 0x0000019450fac280
Event: 297.561 Thread 0x0000019450fac280 Thread exited: 0x0000019450fac280
Event: 302.139 Thread 0x00000194450de120 Thread added: 0x0000019450fac280
Event: 303.240 Thread 0x0000019450fac280 Thread exited: 0x0000019450fac280
Event: 305.411 Thread 0x00000194450dc270 Thread added: 0x0000019450fad020
Event: 305.536 Thread 0x0000019450fad020 Thread exited: 0x0000019450fad020
Event: 750.653 Thread 0x00000194450de120 Thread added: 0x0000019450fac280
Event: 751.294 Thread 0x0000019450fac280 Thread exited: 0x0000019450fac280


Dynamic libraries:
0x00007ff686460000 - 0x00007ff6864da000 	C:\Program Files\Freeplane\freeplane.exe
0x00007ffe87590000 - 0x00007ffe877a7000 	C:\Windows\SYSTEM32\ntdll.dll
0x00007ffe86db0000 - 0x00007ffe86e74000 	C:\Windows\System32\KERNEL32.DLL
0x00007ffe849e0000 - 0x00007ffe84db1000 	C:\Windows\System32\KERNELBASE.dll
0x00007ffe857c0000 - 0x00007ffe85971000 	C:\Windows\System32\USER32.dll
0x00007ffe84e70000 - 0x00007ffe84e96000 	C:\Windows\System32\win32u.dll
0x00007ffe86870000 - 0x00007ffe86899000 	C:\Windows\System32\GDI32.dll
0x00007ffe85000000 - 0x00007ffe8511b000 	C:\Windows\System32\gdi32full.dll
0x00007ffe84ea0000 - 0x00007ffe84f3a000 	C:\Windows\System32\msvcp_win.dll
0x00007ffe848c0000 - 0x00007ffe849d1000 	C:\Windows\System32\ucrtbase.dll
0x00007ffe85e80000 - 0x00007ffe86708000 	C:\Windows\System32\SHELL32.dll
0x00007ffe85120000 - 0x00007ffe8525f000 	C:\Windows\System32\wintypes.dll
0x00007ffe85430000 - 0x00007ffe857c0000 	C:\Windows\System32\combase.dll
0x00007ffe868a0000 - 0x00007ffe869b4000 	C:\Windows\System32\RPCRT4.dll
0x00007ffe87040000 - 0x00007ffe87071000 	C:\Windows\System32\IMM32.DLL
0x00007ffe67820000 - 0x00007ffe6790b000 	C:\Program Files\Windhawk\Engine\1.5.1\64\windhawk.dll
0x00007ffe86b80000 - 0x00007ffe86c31000 	C:\Windows\System32\ADVAPI32.dll
0x00007ffe872e0000 - 0x00007ffe87387000 	C:\Windows\System32\msvcrt.dll
0x00007ffe87080000 - 0x00007ffe87127000 	C:\Windows\System32\sechost.dll
0x00007ffe7f820000 - 0x00007ffe7f94c000 	C:\Windows\SYSTEM32\WINHTTP.dll
0x00007ffe84e40000 - 0x00007ffe84e68000 	C:\Windows\System32\bcrypt.dll
0x00007ffe86ca0000 - 0x00007ffe86daa000 	C:\Windows\System32\shcore.dll
0x00007ffe81890000 - 0x00007ffe818a8000 	C:\Program Files\Freeplane\runtime\bin\jli.dll
0x00007ffe69f00000 - 0x00007ffe6a192000 	C:\Windows\WinSxS\amd64_microsoft.windows.common-controls_6595b64144ccf1df_6.0.22621.4830_none_270fe7d773858e80\COMCTL32.dll
0x00007ffe7cb30000 - 0x00007ffe7cb4b000 	C:\Program Files\Freeplane\runtime\bin\VCRUNTIME140.dll
0x00007ffe81450000 - 0x00007ffe8145c000 	C:\Program Files\Freeplane\runtime\bin\vcruntime140_1.dll
0x00007ffe7caa0000 - 0x00007ffe7cb2d000 	C:\Program Files\Freeplane\runtime\bin\msvcp140.dll
0x00007ffdec290000 - 0x00007ffded051000 	C:\Program Files\Freeplane\runtime\bin\server\jvm.dll
0x00007ffe87260000 - 0x00007ffe872d1000 	C:\Windows\System32\WS2_32.dll
0x00007ffe83580000 - 0x00007ffe835cd000 	C:\Windows\SYSTEM32\POWRPROF.dll
0x00007ffe808c0000 - 0x00007ffe808ca000 	C:\Windows\SYSTEM32\VERSION.dll
0x00007ffe6ceb0000 - 0x00007ffe6cee4000 	C:\Windows\SYSTEM32\WINMM.dll
0x00007ffe83560000 - 0x00007ffe83573000 	C:\Windows\SYSTEM32\UMPDC.dll
0x00007ffe83810000 - 0x00007ffe83828000 	C:\Windows\SYSTEM32\kernel.appcore.dll
0x00007ffe7f530000 - 0x00007ffe7f53a000 	C:\Program Files\Freeplane\runtime\bin\jimage.dll
0x00007ffe73af0000 - 0x00007ffe73d22000 	C:\Windows\SYSTEM32\DBGHELP.DLL
0x00007ffe86730000 - 0x00007ffe86807000 	C:\Windows\System32\OLEAUT32.dll
0x00007ffe725d0000 - 0x00007ffe72602000 	C:\Windows\SYSTEM32\dbgcore.DLL
0x00007ffe84dc0000 - 0x00007ffe84e3b000 	C:\Windows\System32\bcryptPrimitives.dll
0x00007ffe7ca80000 - 0x00007ffe7caa0000 	C:\Program Files\Freeplane\runtime\bin\java.dll
0x00007ffe82630000 - 0x00007ffe82f3d000 	C:\Windows\SYSTEM32\windows.storage.dll
0x00007ffe86810000 - 0x00007ffe8686e000 	C:\Windows\System32\shlwapi.dll
0x00007ffe84600000 - 0x00007ffe8462b000 	C:\Windows\SYSTEM32\profapi.dll
0x00007ffe7c9a0000 - 0x00007ffe7ca77000 	C:\Program Files\Freeplane\runtime\bin\jsvml.dll
0x00007ffe7c990000 - 0x00007ffe7c9a0000 	C:\Program Files\Freeplane\runtime\bin\net.dll
0x00007ffe83c80000 - 0x00007ffe83cea000 	C:\Windows\system32\mswsock.dll
0x00007ffe76050000 - 0x00007ffe76066000 	C:\Program Files\Freeplane\runtime\bin\nio.dll
0x00007ffe76030000 - 0x00007ffe76048000 	C:\Program Files\Freeplane\runtime\bin\zip.dll
0x00007ffe75e90000 - 0x00007ffe76028000 	C:\Program Files\Freeplane\runtime\bin\awt.dll
0x00007ffe820b0000 - 0x00007ffe820db000 	C:\Windows\SYSTEM32\dwmapi.dll
0x00007ffe75e40000 - 0x00007ffe75e84000 	C:\Program Files\Freeplane\runtime\bin\nvdaControllerClient64.dll
0x00007ffe81550000 - 0x00007ffe815e7000 	C:\Windows\SYSTEM32\apphelp.dll
0x00007ffe75e30000 - 0x00007ffe75e39000 	C:\Program Files\Freeplane\runtime\bin\extnet.dll
0x00007ffe81d50000 - 0x00007ffe81e03000 	C:\Windows\system32\uxtheme.dll
0x00007ffe85260000 - 0x00007ffe853bd000 	C:\Windows\System32\MSCTF.dll
0x00007ffe869c0000 - 0x00007ffe86b61000 	C:\Windows\System32\ole32.dll
0x00007ffe67620000 - 0x00007ffe67720000 	C:\Windows\system32\opengl32.dll
0x00007ffe75dc0000 - 0x00007ffe75ded000 	C:\Windows\SYSTEM32\GLU32.dll
0x00007ffe81e60000 - 0x00007ffe81e97000 	C:\Windows\SYSTEM32\dxcore.dll
0x00007ffe84370000 - 0x00007ffe84382000 	C:\Windows\SYSTEM32\msasn1.dll
0x00007ffe7e890000 - 0x00007ffe7e8c2000 	C:\Windows\SYSTEM32\cryptnet.dll
0x00007ffe846d0000 - 0x00007ffe84836000 	C:\Windows\System32\CRYPT32.dll
0x00007ffe7e2b0000 - 0x00007ffe7e412000 	C:\Windows\SYSTEM32\drvstore.dll
0x00007ffe84390000 - 0x00007ffe843bc000 	C:\Windows\SYSTEM32\devobj.dll
0x00007ffe843c0000 - 0x00007ffe8440e000 	C:\Windows\SYSTEM32\cfgmgr32.dll
0x00007ffe83f80000 - 0x00007ffe83fca000 	C:\Windows\SYSTEM32\wldp.dll
0x00007ffe83ed0000 - 0x00007ffe83edc000 	C:\Windows\SYSTEM32\cryptbase.dll
0x0000019440f70000 - 0x0000019440fe2000 	C:\Windows\System32\WINTRUST.DLL
0x00007ffe86710000 - 0x00007ffe8672f000 	C:\Windows\System32\imagehlp.dll
0x00007ffe83ee0000 - 0x00007ffe83efb000 	C:\Windows\SYSTEM32\CRYPTSP.dll
0x00007ffe83770000 - 0x00007ffe837a7000 	C:\Windows\system32\rsaenh.dll
0x00007ffe6c7a0000 - 0x00007ffe6ca70000 	C:\Windows\system32\nvspcap64.dll
0x00007ffe83920000 - 0x00007ffe83954000 	C:\Windows\SYSTEM32\ntmarta.dll
0x00007ffe83d10000 - 0x00007ffe83d36000 	C:\Windows\SYSTEM32\gpapi.dll
0x00007ffe64400000 - 0x00007ffe64487000 	C:\Program Files\Freeplane\runtime\bin\freetype.dll
0x00007ffe64320000 - 0x00007ffe643fe000 	C:\Program Files\Freeplane\runtime\bin\fontmanager.dll
0x00007ffe75db0000 - 0x00007ffe75db6000 	C:\Program Files\Freeplane\flatlaf-windows-x86_64.dll
0x00007ffe6a1a0000 - 0x00007ffe6a35a000 	C:\Windows\WinSxS\amd64_microsoft.windows.gdiplus_6595b64144ccf1df_1.1.22621.4830_none_57fadabcce18084e\gdiplus.dll
0x00007ffe75da0000 - 0x00007ffe75da7000 	C:\Program Files\Freeplane\runtime\bin\jawt.dll
0x00007ffe83d70000 - 0x00007ffe83d98000 	C:\Windows\SYSTEM32\USERENV.dll
0x00007ffe83220000 - 0x00007ffe8324d000 	C:\Windows\SYSTEM32\IPHLPAPI.DLL
0x00007ffe86b70000 - 0x00007ffe86b79000 	C:\Windows\System32\NSI.dll
0x00007ffe75d90000 - 0x00007ffe75da0000 	C:\Program Files\Freeplane\runtime\bin\verify.dll
0x00007ffe87390000 - 0x00007ffe87440000 	C:\Windows\System32\clbcatq.dll
0x00007ffe81b60000 - 0x00007ffe81d10000 	C:\Windows\SYSTEM32\WindowsCodecs.dll
0x00007ffe62820000 - 0x00007ffe6287e000 	C:\Windows\system32\dataexchange.dll
0x00007ffe77b50000 - 0x00007ffe77df5000 	C:\Windows\system32\twinapi.appcore.dll
0x00007ffe7c1e0000 - 0x00007ffe7c323000 	C:\Windows\SYSTEM32\textinputframework.dll
0x00007ffe69de0000 - 0x00007ffe69e49000 	C:\Windows\system32\Oleacc.dll
0x00007ffe66780000 - 0x00007ffe667cb000 	C:\Windows\system32\ApplicationTargetedFeatureDatabase.dll
0x00007ffe75d60000 - 0x00007ffe75d8d000 	C:\Program Files\Freeplane\runtime\bin\javajpeg.dll
0x00007ffe756a0000 - 0x00007ffe756e0000 	C:\Program Files\Freeplane\runtime\bin\lcms.dll
0x00007ffe80b50000 - 0x00007ffe80c85000 	C:\Windows\SYSTEM32\CoreMessaging.dll
0x00007ffe7e430000 - 0x00007ffe7e79c000 	C:\Windows\SYSTEM32\CoreUIComponents.dll

dbghelp: loaded successfully - version: 4.0.5 - missing functions: none
symbol engine: initialized successfully - sym options: 0x614 - pdb path: .;C:\Program Files\Freeplane;C:\Windows\SYSTEM32;C:\Program Files\Windhawk\Engine\1.5.1\64;C:\Program Files\Freeplane\runtime\bin;C:\Windows\WinSxS\amd64_microsoft.windows.common-controls_6595b64144ccf1df_6.0.22621.4830_none_270fe7d773858e80;C:\Program Files\Freeplane\runtime\bin\server;C:\Windows\System32\DriverStore\FileRepository\nv_dispi.inf_amd64_9777c5fc85d41633;C:\Windows\WinSxS\amd64_microsoft.windows.gdiplus_6595b64144ccf1df_1.1.22621.4830_none_57fadabcce18084e

VM Arguments:
jvm_args: -Djpackage.app-version=1.12.8 -XX:-IgnoreUnrecognizedVMOptions -XX:MaxRAM=20g -XX:MaxRAMPercentage=15.0 -Djava.security.manager=allow -Dorg.freeplane.userfpdir=%APPDATA%\Freeplane --add-exports=java.desktop/sun.awt=ALL-UNNAMED --add-exports=java.desktop/sun.awt.shell=ALL-UNNAMED --add-exports=java.desktop/com.sun.java.swing.plaf.windows=ALL-UNNAMED --add-exports=java.desktop/sun.swing=ALL-UNNAMED --add-opens=java.desktop/javax.swing.text.html=ALL-UNNAMED -Djpackage.app-path=C:\Program Files\Freeplane\freeplane.exe 
java_command: org.freeplane.launcher.Launcher
java_class_path (initial): C:\Program Files\Freeplane\app\..\freeplanelauncher.jar
Launcher Type: SUN_STANDARD

[Global flags]
     intx CICompilerCount                          = 4                                         {product} {ergonomic}
     uint ConcGCThreads                            = 2                                         {product} {ergonomic}
     uint G1ConcRefinementThreads                  = 8                                         {product} {ergonomic}
   size_t G1HeapRegionSize                         = 2097152                                   {product} {ergonomic}
    uintx GCDrainStackTargetSize                   = 64                                        {product} {ergonomic}
     bool IgnoreUnrecognizedVMOptions              = false                                     {product} {command line}
   size_t InitialHeapSize                          = 335544320                                 {product} {ergonomic}
   size_t MarkStackSize                            = 4194304                                   {product} {ergonomic}
   size_t MaxHeapSize                              = 3221225472                                {product} {ergonomic}
   size_t MaxNewSize                               = 1931476992                                {product} {ergonomic}
 uint64_t MaxRAM                                   = 21474836480                            {pd product} {command line}
   double MaxRAMPercentage                         = 15.000000                                 {product} {command line}
   size_t MinHeapDeltaBytes                        = 2097152                                   {product} {ergonomic}
   size_t MinHeapSize                              = 8388608                                   {product} {ergonomic}
    uintx NonNMethodCodeHeapSize                   = 5839372                                {pd product} {ergonomic}
    uintx NonProfiledCodeHeapSize                  = 122909434                              {pd product} {ergonomic}
    uintx ProfiledCodeHeapSize                     = 122909434                              {pd product} {ergonomic}
    uintx ReservedCodeCacheSize                    = 251658240                              {pd product} {ergonomic}
     bool SegmentedCodeCache                       = true                                      {product} {ergonomic}
   size_t SoftMaxHeapSize                          = 3221225472                             {manageable} {ergonomic}
     bool UseCompressedOops                        = true                           {product lp64_product} {ergonomic}
     bool UseG1GC                                  = true                                      {product} {ergonomic}
     bool UseLargePagesIndividualAllocation        = false                                  {pd product} {ergonomic}

Logging:
Log output configuration:
 #0: stdout all=warning uptime,level,tags foldmultilines=false
 #1: stderr all=off uptime,level,tags foldmultilines=false

Environment Variables:
JAVA_HOME=C:\Program Files\BellSoft\LibericaJDK-21-Full\
PATH=C:\Program Files\ImageMagick;C:\Program Files\BellSoft\LibericaJDK-21-Full\bin\;C:\Windows\system32;C:\Windows;C:\Windows\System32\Wbem;C:\Windows\System32\WindowsPowerShell\v1.0\;C:\Windows\System32\OpenSSH\;C:\Program Files (x86)\Windows Kits\10\Windows Performance Toolkit\;C:\Program Files\nodejs\;C:\Program Files\Calibre2\;C:\Program Files (x86)\NVIDIA Corporation\PhysX\Common;C:\Program Files\gs\gs10.03.1\bin;C:\Program Files\Git\cmd;C:\Program Files\NVIDIA Corporation\NVIDIA NvDLISR;C:\Program Files\PuTTY\;C:\Program Files\Microchip\xc32\v4.45\bin;C:\Program Files\Microchip\xc8\v2.50\bin;C:\Program Files\dotnet\;C:\Program Files\PowerShell\7-preview\preview;C:\Python\Python313\Scripts\;C:\Python\Python313\;C:\Users\win\AppData\Local\Programs\Python\Launcher\;C:\Users\win\AppData\Local\Microsoft\WindowsApps;C:\Users\win\AppData\Local\Programs\Microsoft VS Code\bin;E:\apps\art2d\ffmpeg\bin;E:\apps\art2d\HandBrakeCLI;E:\apps\art2d\mkvtoolnix;C:\Users\win\AppData\Roaming\npm;D:\xampp\php;C:\Program Files\Tesseract-OCR;C:\Program Files\Inkscape\bin;C:\Users\win\.dotnet\tools;C:\Users\win\.deno\bin;C:\Program Files\Freeplane\app
USERNAME=win
OS=Windows_NT
PROCESSOR_IDENTIFIER=Intel64 Family 6 Model 60 Stepping 3, GenuineIntel
TMP=C:\Users\win\AppData\Local\Temp
TEMP=C:\Users\win\AppData\Local\Temp




Periodic native trim disabled

JNI global refs:
JNI global refs: 199, weak refs: 155

JNI global refs memory usage: 2731, weak refs: 3361

Process memory usage:
Resident Set Size: 641100K (1% of 33492308K total physical memory with 21589060K free physical memory)

OOME stack traces (most recent first):
Classloader memory used:
Loader bootstrap                                                                       : 36489K
Loader org.knopflerfish.framework.BundleClassLoader                                    : 27576K
Loader jdk.internal.loader.ClassLoaders$AppClassLoader                                 : 1843K
Loader jdk.internal.loader.ClassLoaders$PlatformClassLoader                            : 139K
Loader jdk.internal.reflect.DelegatingClassLoader                                      : 13704B
Loader sun.reflect.misc.MethodUtil                                                     : 4120B

---------------  S Y S T E M  ---------------

OS:
 Windows 11 , 64 bit Build 22621 (10.0.22621.4974)
OS uptime: 0 days 0:38 hours

CPU: total 8 (initial active 8) (4 cores per cpu, 2 threads per core) family 6 model 60 stepping 3 microcode 0x28, cx8, cmov, fxsr, ht, mmx, sse, sse2, sse3, ssse3, sse4.1, sse4.2, popcnt, lzcnt, tsc, tscinvbit, avx, avx2, aes, erms, clmul, bmi1, bmi2, fma, vzeroupper, clflush, rdtscp, f16c
Processor Information for all 8 processors :
  Max Mhz: 3401, Current Mhz: 3401, Mhz Limit: 3401

Memory: 4k page, system-wide physical 32707M (21083M free)
TotalPageFile size 42435M (AvailPageFile size 28356M)
current process WorkingSet (physical memory assigned to process): 626M, peak: 690M
current process commit charge ("private bytes"): 703M, peak: 783M

vm_info: OpenJDK 64-Bit Server VM (21.0.5+8-b631.16) for windows-amd64 JRE (21.0.5+8-b631.16), built on 2024-11-02 by "builduser" with MS VC++ 16.10 / 16.11 (VS2019)

END.
